{"/Users/pgonzalez/Documents/apps/sfdc-formula-parser/lib/parseFields.js": {"path":"/Users/pgonzalez/Documents/apps/sfdc-formula-parser/lib/parseFields.js","statementMap":{"0":{"start":{"line":1,"column":8},"end":{"line":1,"column":31}},"1":{"start":{"line":5,"column":21},"end":{"line":5,"column":30}},"2":{"start":{"line":7,"column":4},"end":{"line":12,"column":5}},"3":{"start":{"line":9,"column":8},"end":{"line":9,"column":58}},"4":{"start":{"line":11,"column":8},"end":{"line":11,"column":26}},"5":{"start":{"line":14,"column":4},"end":{"line":39,"column":7}},"6":{"start":{"line":17,"column":8},"end":{"line":17,"column":30}},"7":{"start":{"line":17,"column":23},"end":{"line":17,"column":30}},"8":{"start":{"line":19,"column":25},"end":{"line":19,"column":40}},"9":{"start":{"line":20,"column":27},"end":{"line":20,"column":51}},"10":{"start":{"line":21,"column":24},"end":{"line":21,"column":48}},"11":{"start":{"line":23,"column":8},"end":{"line":31,"column":9}},"12":{"start":{"line":25,"column":12},"end":{"line":30,"column":13}},"13":{"start":{"line":26,"column":16},"end":{"line":26,"column":55}},"14":{"start":{"line":29,"column":16},"end":{"line":29,"column":62}},"15":{"start":{"line":33,"column":8},"end":{"line":35,"column":9}},"16":{"start":{"line":34,"column":12},"end":{"line":34,"column":57}},"17":{"start":{"line":37,"column":8},"end":{"line":37,"column":34}},"18":{"start":{"line":42,"column":4},"end":{"line":42,"column":22}},"19":{"start":{"line":46,"column":0},"end":{"line":46,"column":28}}},"fnMap":{"0":{"name":"parseField","decl":{"start":{"line":3,"column":9},"end":{"line":3,"column":19}},"loc":{"start":{"line":3,"column":26},"end":{"line":44,"column":1}},"line":3},"1":{"name":"(anonymous_1)","decl":{"start":{"line":14,"column":29},"end":{"line":14,"column":30}},"loc":{"start":{"line":14,"column":53},"end":{"line":39,"column":5}},"line":14}},"branchMap":{"0":{"loc":{"start":{"line":7,"column":4},"end":{"line":12,"column":5}},"type":"if","locations":[{"start":{"line":7,"column":4},"end":{"line":12,"column":5}},{"start":{},"end":{}}],"line":7},"1":{"loc":{"start":{"line":17,"column":8},"end":{"line":17,"column":30}},"type":"if","locations":[{"start":{"line":17,"column":8},"end":{"line":17,"column":30}},{"start":{},"end":{}}],"line":17},"2":{"loc":{"start":{"line":23,"column":8},"end":{"line":31,"column":9}},"type":"if","locations":[{"start":{"line":23,"column":8},"end":{"line":31,"column":9}},{"start":{},"end":{}}],"line":23},"3":{"loc":{"start":{"line":25,"column":12},"end":{"line":30,"column":13}},"type":"if","locations":[{"start":{"line":25,"column":12},"end":{"line":30,"column":13}},{"start":{"line":28,"column":16},"end":{"line":30,"column":13}}],"line":25},"4":{"loc":{"start":{"line":33,"column":8},"end":{"line":35,"column":9}},"type":"if","locations":[{"start":{"line":33,"column":8},"end":{"line":35,"column":9}},{"start":{},"end":{}}],"line":33}},"s":{"0":2,"1":31,"2":31,"3":1,"4":1,"5":30,"6":73,"7":30,"8":43,"9":43,"10":43,"11":43,"12":13,"13":7,"14":6,"15":43,"16":2,"17":43,"18":30,"19":2},"f":{"0":31,"1":73},"b":{"0":[1,30],"1":[30,43],"2":[13,30],"3":[7,6],"4":[2,41]},"_coverageSchema":"1a1c01bbd47fc00a2c39e90264f33305004495a9","hash":"bd980533d9bebcbf2d5f9e484a2c10a1edf0888d"}
,"/Users/pgonzalez/Documents/apps/sfdc-formula-parser/lib/utils.js": {"path":"/Users/pgonzalez/Documents/apps/sfdc-formula-parser/lib/utils.js","statementMap":{"0":{"start":{"line":1,"column":17},"end":{"line":7,"column":1}},"1":{"start":{"line":3,"column":4},"end":{"line":3,"column":37}},"2":{"start":{"line":3,"column":24},"end":{"line":3,"column":37}},"3":{"start":{"line":5,"column":4},"end":{"line":5,"column":23}},"4":{"start":{"line":6,"column":4},"end":{"line":6,"column":36}},"5":{"start":{"line":9,"column":17},"end":{"line":16,"column":1}},"6":{"start":{"line":11,"column":4},"end":{"line":11,"column":37}},"7":{"start":{"line":11,"column":24},"end":{"line":11,"column":37}},"8":{"start":{"line":13,"column":4},"end":{"line":13,"column":23}},"9":{"start":{"line":14,"column":4},"end":{"line":14,"column":30}},"10":{"start":{"line":15,"column":4},"end":{"line":15,"column":36}},"11":{"start":{"line":18,"column":23},"end":{"line":18,"column":53}},"12":{"start":{"line":18,"column":31},"end":{"line":18,"column":53}},"13":{"start":{"line":20,"column":16},"end":{"line":20,"column":77}},"14":{"start":{"line":20,"column":26},"end":{"line":20,"column":76}},"15":{"start":{"line":22,"column":20},"end":{"line":27,"column":1}},"16":{"start":{"line":24,"column":4},"end":{"line":24,"column":37}},"17":{"start":{"line":24,"column":24},"end":{"line":24,"column":37}},"18":{"start":{"line":26,"column":4},"end":{"line":26,"column":32}},"19":{"start":{"line":30,"column":4},"end":{"line":30,"column":22}},"20":{"start":{"line":33,"column":28},"end":{"line":33,"column":73}},"21":{"start":{"line":33,"column":40},"end":{"line":33,"column":73}},"22":{"start":{"line":35,"column":29},"end":{"line":35,"column":60}},"23":{"start":{"line":35,"column":38},"end":{"line":35,"column":60}},"24":{"start":{"line":37,"column":20},"end":{"line":37,"column":40}},"25":{"start":{"line":37,"column":29},"end":{"line":37,"column":40}},"26":{"start":{"line":39,"column":27},"end":{"line":43,"column":1}},"27":{"start":{"line":40,"column":4},"end":{"line":40,"column":30}},"28":{"start":{"line":41,"column":4},"end":{"line":41,"column":17}},"29":{"start":{"line":42,"column":4},"end":{"line":42,"column":17}},"30":{"start":{"line":45,"column":18},"end":{"line":51,"column":1}},"31":{"start":{"line":47,"column":17},"end":{"line":47,"column":36}},"32":{"start":{"line":49,"column":4},"end":{"line":49,"column":91}},"33":{"start":{"line":53,"column":27},"end":{"line":53,"column":65}},"34":{"start":{"line":53,"column":36},"end":{"line":53,"column":65}},"35":{"start":{"line":55,"column":23},"end":{"line":55,"column":55}},"36":{"start":{"line":55,"column":32},"end":{"line":55,"column":55}},"37":{"start":{"line":57,"column":31},"end":{"line":62,"column":1}},"38":{"start":{"line":60,"column":43},"end":{"line":60,"column":59}},"39":{"start":{"line":61,"column":4},"end":{"line":61,"column":34}},"40":{"start":{"line":64,"column":16},"end":{"line":80,"column":1}},"41":{"start":{"line":82,"column":16},"end":{"line":168,"column":1}},"42":{"start":{"line":170,"column":0},"end":{"line":174,"column":96}}},"fnMap":{"0":{"name":"(anonymous_0)","decl":{"start":{"line":1,"column":17},"end":{"line":1,"column":18}},"loc":{"start":{"line":1,"column":25},"end":{"line":7,"column":1}},"line":1},"1":{"name":"(anonymous_1)","decl":{"start":{"line":9,"column":17},"end":{"line":9,"column":18}},"loc":{"start":{"line":9,"column":25},"end":{"line":16,"column":1}},"line":9},"2":{"name":"(anonymous_2)","decl":{"start":{"line":18,"column":23},"end":{"line":18,"column":24}},"loc":{"start":{"line":18,"column":31},"end":{"line":18,"column":53}},"line":18},"3":{"name":"(anonymous_3)","decl":{"start":{"line":20,"column":16},"end":{"line":20,"column":17}},"loc":{"start":{"line":20,"column":26},"end":{"line":20,"column":76}},"line":20},"4":{"name":"(anonymous_4)","decl":{"start":{"line":22,"column":20},"end":{"line":22,"column":21}},"loc":{"start":{"line":22,"column":28},"end":{"line":27,"column":1}},"line":22},"5":{"name":"isNumber","decl":{"start":{"line":29,"column":9},"end":{"line":29,"column":17}},"loc":{"start":{"line":29,"column":22},"end":{"line":31,"column":3}},"line":29},"6":{"name":"(anonymous_6)","decl":{"start":{"line":33,"column":28},"end":{"line":33,"column":29}},"loc":{"start":{"line":33,"column":40},"end":{"line":33,"column":73}},"line":33},"7":{"name":"(anonymous_7)","decl":{"start":{"line":35,"column":29},"end":{"line":35,"column":30}},"loc":{"start":{"line":35,"column":38},"end":{"line":35,"column":60}},"line":35},"8":{"name":"(anonymous_8)","decl":{"start":{"line":37,"column":20},"end":{"line":37,"column":21}},"loc":{"start":{"line":37,"column":29},"end":{"line":37,"column":40}},"line":37},"9":{"name":"(anonymous_9)","decl":{"start":{"line":39,"column":27},"end":{"line":39,"column":28}},"loc":{"start":{"line":39,"column":36},"end":{"line":43,"column":1}},"line":39},"10":{"name":"(anonymous_10)","decl":{"start":{"line":45,"column":18},"end":{"line":45,"column":19}},"loc":{"start":{"line":45,"column":27},"end":{"line":51,"column":1}},"line":45},"11":{"name":"(anonymous_11)","decl":{"start":{"line":53,"column":27},"end":{"line":53,"column":28}},"loc":{"start":{"line":53,"column":36},"end":{"line":53,"column":65}},"line":53},"12":{"name":"(anonymous_12)","decl":{"start":{"line":55,"column":23},"end":{"line":55,"column":24}},"loc":{"start":{"line":55,"column":32},"end":{"line":55,"column":55}},"line":55},"13":{"name":"(anonymous_13)","decl":{"start":{"line":57,"column":31},"end":{"line":57,"column":32}},"loc":{"start":{"line":57,"column":40},"end":{"line":62,"column":1}},"line":57}},"branchMap":{"0":{"loc":{"start":{"line":3,"column":4},"end":{"line":3,"column":37}},"type":"if","locations":[{"start":{"line":3,"column":4},"end":{"line":3,"column":37}},{"start":{},"end":{}}],"line":3},"1":{"loc":{"start":{"line":11,"column":4},"end":{"line":11,"column":37}},"type":"if","locations":[{"start":{"line":11,"column":4},"end":{"line":11,"column":37}},{"start":{},"end":{}}],"line":11},"2":{"loc":{"start":{"line":20,"column":26},"end":{"line":20,"column":76}},"type":"binary-expr","locations":[{"start":{"line":20,"column":26},"end":{"line":20,"column":39}},{"start":{"line":20,"column":43},"end":{"line":20,"column":61}},{"start":{"line":20,"column":65},"end":{"line":20,"column":76}}],"line":20},"3":{"loc":{"start":{"line":24,"column":4},"end":{"line":24,"column":37}},"type":"if","locations":[{"start":{"line":24,"column":4},"end":{"line":24,"column":37}},{"start":{},"end":{}}],"line":24}},"s":{"0":3,"1":653,"2":0,"3":653,"4":653,"5":3,"6":81,"7":3,"8":78,"9":78,"10":78,"11":3,"12":9,"13":3,"14":759,"15":3,"16":25,"17":0,"18":25,"19":27,"20":3,"21":158,"22":3,"23":15,"24":3,"25":8,"26":3,"27":7,"28":7,"29":7,"30":3,"31":47,"32":47,"33":3,"34":6,"35":3,"36":32,"37":3,"38":2,"39":2,"40":3,"41":3,"42":3},"f":{"0":653,"1":81,"2":9,"3":759,"4":25,"5":27,"6":158,"7":15,"8":8,"9":7,"10":47,"11":6,"12":32,"13":2},"b":{"0":[0,653],"1":[3,78],"2":[759,757,757],"3":[0,25]},"_coverageSchema":"1a1c01bbd47fc00a2c39e90264f33305004495a9","hash":"72a8638d58d54a19d3b825e729e36781b5eff248"}
,"/Users/pgonzalez/Documents/apps/sfdc-formula-parser/src/index.js": {"path":"/Users/pgonzalez/Documents/apps/sfdc-formula-parser/src/index.js","statementMap":{"0":{"start":{"line":1,"column":17},"end":{"line":1,"column":46}},"1":{"start":{"line":2,"column":8},"end":{"line":2,"column":31}},"2":{"start":{"line":6,"column":20},"end":{"line":6,"column":29}},"3":{"start":{"line":7,"column":20},"end":{"line":7,"column":29}},"4":{"start":{"line":8,"column":25},"end":{"line":8,"column":34}},"5":{"start":{"line":9,"column":23},"end":{"line":9,"column":32}},"6":{"start":{"line":11,"column":16},"end":{"line":11,"column":53}},"7":{"start":{"line":13,"column":22},"end":{"line":13,"column":24}},"8":{"start":{"line":14,"column":23},"end":{"line":14,"column":28}},"9":{"start":{"line":16,"column":4},"end":{"line":40,"column":7}},"10":{"start":{"line":18,"column":8},"end":{"line":21,"column":9}},"11":{"start":{"line":19,"column":12},"end":{"line":19,"column":41}},"12":{"start":{"line":20,"column":12},"end":{"line":20,"column":19}},"13":{"start":{"line":23,"column":8},"end":{"line":37,"column":9}},"14":{"start":{"line":25,"column":12},"end":{"line":36,"column":13}},"15":{"start":{"line":26,"column":16},"end":{"line":26,"column":36}},"16":{"start":{"line":31,"column":16},"end":{"line":31,"column":69}},"17":{"start":{"line":31,"column":50},"end":{"line":31,"column":69}},"18":{"start":{"line":33,"column":16},"end":{"line":35,"column":17}},"19":{"start":{"line":34,"column":20},"end":{"line":34,"column":47}},"20":{"start":{"line":39,"column":8},"end":{"line":39,"column":15}},"21":{"start":{"line":45,"column":8},"end":{"line":56,"column":9}},"22":{"start":{"line":47,"column":12},"end":{"line":47,"column":33}},"23":{"start":{"line":48,"column":12},"end":{"line":48,"column":24}},"24":{"start":{"line":49,"column":12},"end":{"line":49,"column":19}},"25":{"start":{"line":52,"column":13},"end":{"line":56,"column":9}},"26":{"start":{"line":54,"column":12},"end":{"line":54,"column":24}},"27":{"start":{"line":55,"column":12},"end":{"line":55,"column":19}},"28":{"start":{"line":59,"column":8},"end":{"line":59,"column":37}},"29":{"start":{"line":61,"column":8},"end":{"line":69,"column":10}},"30":{"start":{"line":63,"column":12},"end":{"line":68,"column":13}},"31":{"start":{"line":64,"column":16},"end":{"line":64,"column":39}},"32":{"start":{"line":67,"column":16},"end":{"line":67,"column":42}},"33":{"start":{"line":71,"column":8},"end":{"line":71,"column":20}},"34":{"start":{"line":75,"column":8},"end":{"line":75,"column":25}},"35":{"start":{"line":78,"column":4},"end":{"line":83,"column":5}},"36":{"start":{"line":87,"column":0},"end":{"line":87,"column":23}}},"fnMap":{"0":{"name":"parse","decl":{"start":{"line":4,"column":9},"end":{"line":4,"column":14}},"loc":{"start":{"line":4,"column":32},"end":{"line":85,"column":1}},"line":4},"1":{"name":"(anonymous_1)","decl":{"start":{"line":16,"column":18},"end":{"line":16,"column":19}},"loc":{"start":{"line":16,"column":39},"end":{"line":40,"column":5}},"line":16},"2":{"name":"determineType","decl":{"start":{"line":43,"column":13},"end":{"line":43,"column":26}},"loc":{"start":{"line":43,"column":33},"end":{"line":72,"column":5}},"line":43},"3":{"name":"(anonymous_3)","decl":{"start":{"line":61,"column":46},"end":{"line":61,"column":47}},"loc":{"start":{"line":61,"column":55},"end":{"line":69,"column":9}},"line":61},"4":{"name":"clearWord","decl":{"start":{"line":74,"column":13},"end":{"line":74,"column":22}},"loc":{"start":{"line":74,"column":24},"end":{"line":76,"column":5}},"line":74}},"branchMap":{"0":{"loc":{"start":{"line":18,"column":8},"end":{"line":21,"column":9}},"type":"if","locations":[{"start":{"line":18,"column":8},"end":{"line":21,"column":9}},{"start":{},"end":{}}],"line":18},"1":{"loc":{"start":{"line":23,"column":8},"end":{"line":37,"column":9}},"type":"if","locations":[{"start":{"line":23,"column":8},"end":{"line":37,"column":9}},{"start":{},"end":{}}],"line":23},"2":{"loc":{"start":{"line":25,"column":12},"end":{"line":36,"column":13}},"type":"if","locations":[{"start":{"line":25,"column":12},"end":{"line":36,"column":13}},{"start":{"line":29,"column":16},"end":{"line":36,"column":13}}],"line":25},"3":{"loc":{"start":{"line":31,"column":16},"end":{"line":31,"column":69}},"type":"if","locations":[{"start":{"line":31,"column":16},"end":{"line":31,"column":69}},{"start":{},"end":{}}],"line":31},"4":{"loc":{"start":{"line":33,"column":16},"end":{"line":35,"column":17}},"type":"if","locations":[{"start":{"line":33,"column":16},"end":{"line":35,"column":17}},{"start":{},"end":{}}],"line":33},"5":{"loc":{"start":{"line":33,"column":19},"end":{"line":33,"column":62}},"type":"binary-expr","locations":[{"start":{"line":33,"column":19},"end":{"line":33,"column":36}},{"start":{"line":33,"column":40},"end":{"line":33,"column":62}}],"line":33},"6":{"loc":{"start":{"line":45,"column":8},"end":{"line":56,"column":9}},"type":"if","locations":[{"start":{"line":45,"column":8},"end":{"line":56,"column":9}},{"start":{"line":52,"column":13},"end":{"line":56,"column":9}}],"line":45},"7":{"loc":{"start":{"line":52,"column":13},"end":{"line":56,"column":9}},"type":"if","locations":[{"start":{"line":52,"column":13},"end":{"line":56,"column":9}},{"start":{},"end":{}}],"line":52},"8":{"loc":{"start":{"line":63,"column":12},"end":{"line":68,"column":13}},"type":"if","locations":[{"start":{"line":63,"column":12},"end":{"line":68,"column":13}},{"start":{"line":66,"column":16},"end":{"line":68,"column":13}}],"line":63}},"s":{"0":1,"1":1,"2":8,"3":8,"4":8,"5":8,"6":8,"7":8,"8":8,"9":8,"10":1008,"11":78,"12":78,"13":930,"14":650,"15":495,"16":155,"17":20,"18":155,"19":75,"20":930,"21":75,"22":48,"23":48,"24":48,"25":27,"26":3,"27":3,"28":24,"29":24,"30":24,"31":8,"32":16,"33":24,"34":75,"35":8,"36":1},"f":{"0":8,"1":1008,"2":75,"3":24,"4":75},"b":{"0":[78,930],"1":[650,280],"2":[495,155],"3":[20,135],"4":[75,80],"5":[155,75],"6":[48,27],"7":[3,24],"8":[8,16]},"_coverageSchema":"1a1c01bbd47fc00a2c39e90264f33305004495a9","hash":"7dee69705b3a09d6bfc08b60c8c400483ddb0eba"}
}
