{"/Users/pgonzalez/Documents/apps/sfdc-formula-parser/lib/ValueTypes.js": {"path":"/Users/pgonzalez/Documents/apps/sfdc-formula-parser/lib/ValueTypes.js","statementMap":{"0":{"start":{"line":1,"column":0},"end":{"line":17,"column":1}},"1":{"start":{"line":3,"column":26},"end":{"line":3,"column":55}},"2":{"start":{"line":4,"column":28},"end":{"line":4,"column":59}},"3":{"start":{"line":5,"column":27},"end":{"line":5,"column":57}},"4":{"start":{"line":6,"column":29},"end":{"line":6,"column":61}},"5":{"start":{"line":7,"column":26},"end":{"line":7,"column":55}},"6":{"start":{"line":8,"column":28},"end":{"line":8,"column":59}},"7":{"start":{"line":9,"column":41},"end":{"line":9,"column":83}},"8":{"start":{"line":10,"column":34},"end":{"line":10,"column":70}},"9":{"start":{"line":11,"column":34},"end":{"line":11,"column":71}},"10":{"start":{"line":14,"column":8},"end":{"line":14,"column":24}}},"fnMap":{"0":{"name":"(anonymous_0)","decl":{"start":{"line":13,"column":4},"end":{"line":13,"column":5}},"loc":{"start":{"line":13,"column":22},"end":{"line":15,"column":5}},"line":13}},"branchMap":{},"s":{"0":3,"1":3,"2":3,"3":3,"4":3,"5":3,"6":3,"7":3,"8":3,"9":3,"10":27},"f":{"0":27},"b":{},"_coverageSchema":"1a1c01bbd47fc00a2c39e90264f33305004495a9","hash":"c4db0f40596059b5a1a7c22b8cbaafeac757f42a"}
,"/Users/pgonzalez/Documents/apps/sfdc-formula-parser/lib/parseTypes.js": {"path":"/Users/pgonzalez/Documents/apps/sfdc-formula-parser/lib/parseTypes.js","statementMap":{"0":{"start":{"line":1,"column":8},"end":{"line":1,"column":26}},"1":{"start":{"line":5,"column":16},"end":{"line":5,"column":18}},"2":{"start":{"line":9,"column":4},"end":{"line":86,"column":5}},"3":{"start":{"line":10,"column":8},"end":{"line":10,"column":47}},"4":{"start":{"line":13,"column":9},"end":{"line":86,"column":5}},"5":{"start":{"line":14,"column":8},"end":{"line":14,"column":51}},"6":{"start":{"line":17,"column":9},"end":{"line":86,"column":5}},"7":{"start":{"line":18,"column":8},"end":{"line":18,"column":46}},"8":{"start":{"line":21,"column":9},"end":{"line":86,"column":5}},"9":{"start":{"line":22,"column":8},"end":{"line":22,"column":50}},"10":{"start":{"line":25,"column":9},"end":{"line":86,"column":5}},"11":{"start":{"line":27,"column":30},"end":{"line":27,"column":32}},"12":{"start":{"line":29,"column":8},"end":{"line":81,"column":11}},"13":{"start":{"line":31,"column":12},"end":{"line":31,"column":83}},"14":{"start":{"line":31,"column":76},"end":{"line":31,"column":83}},"15":{"start":{"line":33,"column":29},"end":{"line":33,"column":31}},"16":{"start":{"line":34,"column":31},"end":{"line":34,"column":55}},"17":{"start":{"line":36,"column":12},"end":{"line":46,"column":13}},"18":{"start":{"line":37,"column":16},"end":{"line":37,"column":44}},"19":{"start":{"line":41,"column":16},"end":{"line":41,"column":45}},"20":{"start":{"line":43,"column":16},"end":{"line":45,"column":17}},"21":{"start":{"line":44,"column":20},"end":{"line":44,"column":71}},"22":{"start":{"line":48,"column":12},"end":{"line":50,"column":13}},"23":{"start":{"line":49,"column":16},"end":{"line":49,"column":45}},"24":{"start":{"line":52,"column":12},"end":{"line":52,"column":58}},"25":{"start":{"line":54,"column":12},"end":{"line":62,"column":13}},"26":{"start":{"line":56,"column":16},"end":{"line":61,"column":17}},"27":{"start":{"line":57,"column":20},"end":{"line":57,"column":59}},"28":{"start":{"line":60,"column":20},"end":{"line":60,"column":59}},"29":{"start":{"line":64,"column":12},"end":{"line":66,"column":13}},"30":{"start":{"line":65,"column":16},"end":{"line":65,"column":67}},"31":{"start":{"line":68,"column":12},"end":{"line":70,"column":13}},"32":{"start":{"line":69,"column":16},"end":{"line":69,"column":61}},"33":{"start":{"line":72,"column":12},"end":{"line":78,"column":13}},"34":{"start":{"line":73,"column":16},"end":{"line":73,"column":45}},"35":{"start":{"line":76,"column":17},"end":{"line":78,"column":13}},"36":{"start":{"line":77,"column":16},"end":{"line":77,"column":83}},"37":{"start":{"line":80,"column":12},"end":{"line":80,"column":49}},"38":{"start":{"line":85,"column":8},"end":{"line":85,"column":41}},"39":{"start":{"line":90,"column":8},"end":{"line":90,"column":38}},"40":{"start":{"line":93,"column":8},"end":{"line":102,"column":9}},"41":{"start":{"line":95,"column":12},"end":{"line":95,"column":44}},"42":{"start":{"line":96,"column":12},"end":{"line":96,"column":58}},"43":{"start":{"line":100,"column":12},"end":{"line":100,"column":68}},"44":{"start":{"line":101,"column":12},"end":{"line":101,"column":46}},"45":{"start":{"line":105,"column":4},"end":{"line":105,"column":17}},"46":{"start":{"line":109,"column":0},"end":{"line":109,"column":27}}},"fnMap":{"0":{"name":"parseType","decl":{"start":{"line":3,"column":9},"end":{"line":3,"column":18}},"loc":{"start":{"line":3,"column":40},"end":{"line":107,"column":1}},"line":3},"1":{"name":"(anonymous_1)","decl":{"start":{"line":29,"column":31},"end":{"line":29,"column":32}},"loc":{"start":{"line":29,"column":55},"end":{"line":81,"column":9}},"line":29},"2":{"name":"parseField","decl":{"start":{"line":88,"column":13},"end":{"line":88,"column":23}},"loc":{"start":{"line":88,"column":37},"end":{"line":103,"column":5}},"line":88}},"branchMap":{"0":{"loc":{"start":{"line":9,"column":4},"end":{"line":86,"column":5}},"type":"if","locations":[{"start":{"line":9,"column":4},"end":{"line":86,"column":5}},{"start":{"line":13,"column":9},"end":{"line":86,"column":5}}],"line":9},"1":{"loc":{"start":{"line":13,"column":9},"end":{"line":86,"column":5}},"type":"if","locations":[{"start":{"line":13,"column":9},"end":{"line":86,"column":5}},{"start":{"line":17,"column":9},"end":{"line":86,"column":5}}],"line":13},"2":{"loc":{"start":{"line":17,"column":9},"end":{"line":86,"column":5}},"type":"if","locations":[{"start":{"line":17,"column":9},"end":{"line":86,"column":5}},{"start":{"line":21,"column":9},"end":{"line":86,"column":5}}],"line":17},"3":{"loc":{"start":{"line":21,"column":9},"end":{"line":86,"column":5}},"type":"if","locations":[{"start":{"line":21,"column":9},"end":{"line":86,"column":5}},{"start":{"line":25,"column":9},"end":{"line":86,"column":5}}],"line":21},"4":{"loc":{"start":{"line":25,"column":9},"end":{"line":86,"column":5}},"type":"if","locations":[{"start":{"line":25,"column":9},"end":{"line":86,"column":5}},{"start":{"line":84,"column":8},"end":{"line":86,"column":5}}],"line":25},"5":{"loc":{"start":{"line":31,"column":12},"end":{"line":31,"column":83}},"type":"if","locations":[{"start":{"line":31,"column":12},"end":{"line":31,"column":83}},{"start":{},"end":{}}],"line":31},"6":{"loc":{"start":{"line":31,"column":15},"end":{"line":31,"column":74}},"type":"binary-expr","locations":[{"start":{"line":31,"column":15},"end":{"line":31,"column":39}},{"start":{"line":31,"column":43},"end":{"line":31,"column":74}}],"line":31},"7":{"loc":{"start":{"line":36,"column":12},"end":{"line":46,"column":13}},"type":"if","locations":[{"start":{"line":36,"column":12},"end":{"line":46,"column":13}},{"start":{"line":39,"column":16},"end":{"line":46,"column":13}}],"line":36},"8":{"loc":{"start":{"line":43,"column":16},"end":{"line":45,"column":17}},"type":"if","locations":[{"start":{"line":43,"column":16},"end":{"line":45,"column":17}},{"start":{},"end":{}}],"line":43},"9":{"loc":{"start":{"line":48,"column":12},"end":{"line":50,"column":13}},"type":"if","locations":[{"start":{"line":48,"column":12},"end":{"line":50,"column":13}},{"start":{},"end":{}}],"line":48},"10":{"loc":{"start":{"line":48,"column":15},"end":{"line":48,"column":62}},"type":"binary-expr","locations":[{"start":{"line":48,"column":15},"end":{"line":48,"column":37}},{"start":{"line":48,"column":41},"end":{"line":48,"column":62}}],"line":48},"11":{"loc":{"start":{"line":54,"column":12},"end":{"line":62,"column":13}},"type":"if","locations":[{"start":{"line":54,"column":12},"end":{"line":62,"column":13}},{"start":{},"end":{}}],"line":54},"12":{"loc":{"start":{"line":56,"column":16},"end":{"line":61,"column":17}},"type":"if","locations":[{"start":{"line":56,"column":16},"end":{"line":61,"column":17}},{"start":{"line":59,"column":20},"end":{"line":61,"column":17}}],"line":56},"13":{"loc":{"start":{"line":64,"column":12},"end":{"line":66,"column":13}},"type":"if","locations":[{"start":{"line":64,"column":12},"end":{"line":66,"column":13}},{"start":{},"end":{}}],"line":64},"14":{"loc":{"start":{"line":68,"column":12},"end":{"line":70,"column":13}},"type":"if","locations":[{"start":{"line":68,"column":12},"end":{"line":70,"column":13}},{"start":{},"end":{}}],"line":68},"15":{"loc":{"start":{"line":72,"column":12},"end":{"line":78,"column":13}},"type":"if","locations":[{"start":{"line":72,"column":12},"end":{"line":78,"column":13}},{"start":{"line":76,"column":17},"end":{"line":78,"column":13}}],"line":72},"16":{"loc":{"start":{"line":72,"column":15},"end":{"line":72,"column":66}},"type":"binary-expr","locations":[{"start":{"line":72,"column":15},"end":{"line":72,"column":41}},{"start":{"line":72,"column":45},"end":{"line":72,"column":66}}],"line":72},"17":{"loc":{"start":{"line":76,"column":17},"end":{"line":78,"column":13}},"type":"if","locations":[{"start":{"line":76,"column":17},"end":{"line":78,"column":13}},{"start":{},"end":{}}],"line":76},"18":{"loc":{"start":{"line":76,"column":20},"end":{"line":76,"column":71}},"type":"binary-expr","locations":[{"start":{"line":76,"column":20},"end":{"line":76,"column":46}},{"start":{"line":76,"column":50},"end":{"line":76,"column":71}}],"line":76},"19":{"loc":{"start":{"line":93,"column":8},"end":{"line":102,"column":9}},"type":"if","locations":[{"start":{"line":93,"column":8},"end":{"line":102,"column":9}},{"start":{"line":98,"column":12},"end":{"line":102,"column":9}}],"line":93}},"s":{"0":2,"1":35,"2":35,"3":4,"4":31,"5":5,"6":26,"7":2,"8":24,"9":3,"10":21,"11":17,"12":17,"13":70,"14":6,"15":64,"16":64,"17":64,"18":11,"19":53,"20":53,"21":2,"22":64,"23":8,"24":64,"25":64,"26":47,"27":36,"28":11,"29":64,"30":2,"31":64,"32":9,"33":64,"34":2,"35":62,"36":6,"37":64,"38":4,"39":68,"40":68,"41":64,"42":64,"43":4,"44":4,"45":35,"46":2},"f":{"0":35,"1":70,"2":68},"b":{"0":[4,31],"1":[5,26],"2":[2,24],"3":[3,21],"4":[17,4],"5":[6,64],"6":[70,66],"7":[11,53],"8":[2,51],"9":[8,56],"10":[64,8],"11":[47,17],"12":[36,11],"13":[2,62],"14":[9,55],"15":[2,62],"16":[64,8],"17":[6,56],"18":[62,6],"19":[64,4]},"_coverageSchema":"1a1c01bbd47fc00a2c39e90264f33305004495a9","hash":"8536198c35a2e60c5a433c578c28b25a6c58ee94"}
,"/Users/pgonzalez/Documents/apps/sfdc-formula-parser/lib/utils.js": {"path":"/Users/pgonzalez/Documents/apps/sfdc-formula-parser/lib/utils.js","statementMap":{"0":{"start":{"line":1,"column":16},"end":{"line":1,"column":44}},"1":{"start":{"line":2,"column":17},"end":{"line":2,"column":47}},"2":{"start":{"line":5,"column":9},"end":{"line":5,"column":37}},"3":{"start":{"line":5,"column":18},"end":{"line":5,"column":37}},"4":{"start":{"line":6,"column":8},"end":{"line":6,"column":10}},"5":{"start":{"line":9,"column":12},"end":{"line":9,"column":37}},"6":{"start":{"line":9,"column":21},"end":{"line":9,"column":37}},"7":{"start":{"line":10,"column":16},"end":{"line":10,"column":40}},"8":{"start":{"line":10,"column":25},"end":{"line":10,"column":40}},"9":{"start":{"line":11,"column":15},"end":{"line":11,"column":39}},"10":{"start":{"line":11,"column":24},"end":{"line":11,"column":39}},"11":{"start":{"line":15,"column":21},"end":{"line":15,"column":43}},"12":{"start":{"line":15,"column":30},"end":{"line":15,"column":43}},"13":{"start":{"line":16,"column":19},"end":{"line":16,"column":41}},"14":{"start":{"line":16,"column":28},"end":{"line":16,"column":41}},"15":{"start":{"line":18,"column":23},"end":{"line":18,"column":55}},"16":{"start":{"line":18,"column":32},"end":{"line":18,"column":55}},"17":{"start":{"line":20,"column":16},"end":{"line":20,"column":77}},"18":{"start":{"line":20,"column":26},"end":{"line":20,"column":76}},"19":{"start":{"line":22,"column":15},"end":{"line":22,"column":37}},"20":{"start":{"line":22,"column":24},"end":{"line":22,"column":37}},"21":{"start":{"line":24,"column":28},"end":{"line":24,"column":73}},"22":{"start":{"line":24,"column":40},"end":{"line":24,"column":73}},"23":{"start":{"line":26,"column":29},"end":{"line":26,"column":63}},"24":{"start":{"line":26,"column":38},"end":{"line":26,"column":63}},"25":{"start":{"line":28,"column":26},"end":{"line":28,"column":54}},"26":{"start":{"line":28,"column":35},"end":{"line":28,"column":54}},"27":{"start":{"line":30,"column":15},"end":{"line":30,"column":48}},"28":{"start":{"line":30,"column":24},"end":{"line":30,"column":48}},"29":{"start":{"line":32,"column":18},"end":{"line":32,"column":105}},"30":{"start":{"line":32,"column":27},"end":{"line":32,"column":105}},"31":{"start":{"line":34,"column":27},"end":{"line":34,"column":61}},"32":{"start":{"line":34,"column":36},"end":{"line":34,"column":61}},"33":{"start":{"line":36,"column":23},"end":{"line":36,"column":58}},"34":{"start":{"line":36,"column":32},"end":{"line":36,"column":58}},"35":{"start":{"line":38,"column":20},"end":{"line":38,"column":59}},"36":{"start":{"line":38,"column":29},"end":{"line":38,"column":59}},"37":{"start":{"line":40,"column":22},"end":{"line":40,"column":61}},"38":{"start":{"line":40,"column":31},"end":{"line":40,"column":61}},"39":{"start":{"line":42,"column":19},"end":{"line":42,"column":63}},"40":{"start":{"line":42,"column":28},"end":{"line":42,"column":63}},"41":{"start":{"line":44,"column":22},"end":{"line":44,"column":108}},"42":{"start":{"line":44,"column":31},"end":{"line":44,"column":108}},"43":{"start":{"line":46,"column":20},"end":{"line":46,"column":61}},"44":{"start":{"line":46,"column":29},"end":{"line":46,"column":61}},"45":{"start":{"line":48,"column":15},"end":{"line":48,"column":44}},"46":{"start":{"line":48,"column":24},"end":{"line":48,"column":44}},"47":{"start":{"line":50,"column":29},"end":{"line":50,"column":84}},"48":{"start":{"line":50,"column":39},"end":{"line":50,"column":83}},"49":{"start":{"line":52,"column":24},"end":{"line":52,"column":112}},"50":{"start":{"line":52,"column":33},"end":{"line":52,"column":112}},"51":{"start":{"line":54,"column":20},"end":{"line":54,"column":40}},"52":{"start":{"line":54,"column":29},"end":{"line":54,"column":40}},"53":{"start":{"line":56,"column":17},"end":{"line":60,"column":1}},"54":{"start":{"line":58,"column":4},"end":{"line":58,"column":37}},"55":{"start":{"line":58,"column":24},"end":{"line":58,"column":37}},"56":{"start":{"line":59,"column":4},"end":{"line":59,"column":43}},"57":{"start":{"line":62,"column":17},"end":{"line":67,"column":1}},"58":{"start":{"line":64,"column":4},"end":{"line":64,"column":38}},"59":{"start":{"line":64,"column":25},"end":{"line":64,"column":38}},"60":{"start":{"line":66,"column":4},"end":{"line":66,"column":47}},"61":{"start":{"line":69,"column":20},"end":{"line":69,"column":58}},"62":{"start":{"line":69,"column":29},"end":{"line":69,"column":58}},"63":{"start":{"line":71,"column":20},"end":{"line":71,"column":58}},"64":{"start":{"line":71,"column":38},"end":{"line":71,"column":58}},"65":{"start":{"line":73,"column":26},"end":{"line":89,"column":1}},"66":{"start":{"line":76,"column":50},"end":{"line":76,"column":62}},"67":{"start":{"line":78,"column":4},"end":{"line":88,"column":5}},"68":{"start":{"line":91,"column":23},"end":{"line":97,"column":1}},"69":{"start":{"line":93,"column":4},"end":{"line":96,"column":5}},"70":{"start":{"line":99,"column":25},"end":{"line":110,"column":1}},"71":{"start":{"line":101,"column":32},"end":{"line":101,"column":44}},"72":{"start":{"line":103,"column":4},"end":{"line":109,"column":5}},"73":{"start":{"line":112,"column":22},"end":{"line":122,"column":1}},"74":{"start":{"line":115,"column":42},"end":{"line":115,"column":54}},"75":{"start":{"line":117,"column":4},"end":{"line":120,"column":5}},"76":{"start":{"line":124,"column":17},"end":{"line":135,"column":1}},"77":{"start":{"line":126,"column":4},"end":{"line":128,"column":5}},"78":{"start":{"line":127,"column":8},"end":{"line":127,"column":45}},"79":{"start":{"line":130,"column":4},"end":{"line":133,"column":5}},"80":{"start":{"line":137,"column":18},"end":{"line":156,"column":1}},"81":{"start":{"line":139,"column":15},"end":{"line":139,"column":40}},"82":{"start":{"line":141,"column":4},"end":{"line":149,"column":5}},"83":{"start":{"line":142,"column":8},"end":{"line":142,"column":38}},"84":{"start":{"line":144,"column":9},"end":{"line":149,"column":5}},"85":{"start":{"line":145,"column":8},"end":{"line":145,"column":46}},"86":{"start":{"line":147,"column":9},"end":{"line":149,"column":5}},"87":{"start":{"line":148,"column":8},"end":{"line":148,"column":46}},"88":{"start":{"line":151,"column":4},"end":{"line":154,"column":5}},"89":{"start":{"line":158,"column":19},"end":{"line":158,"column":79}},"90":{"start":{"line":158,"column":29},"end":{"line":158,"column":79}},"91":{"start":{"line":160,"column":30},"end":{"line":160,"column":65}},"92":{"start":{"line":160,"column":39},"end":{"line":160,"column":65}},"93":{"start":{"line":162,"column":18},"end":{"line":170,"column":1}},"94":{"start":{"line":164,"column":35},"end":{"line":164,"column":47}},"95":{"start":{"line":166,"column":18},"end":{"line":166,"column":70}},"96":{"start":{"line":168,"column":4},"end":{"line":168,"column":68}},"97":{"start":{"line":172,"column":16},"end":{"line":188,"column":1}},"98":{"start":{"line":190,"column":16},"end":{"line":276,"column":1}},"99":{"start":{"line":278,"column":0},"end":{"line":284,"column":71}}},"fnMap":{"0":{"name":"(anonymous_0)","decl":{"start":{"line":5,"column":9},"end":{"line":5,"column":10}},"loc":{"start":{"line":5,"column":18},"end":{"line":5,"column":37}},"line":5},"1":{"name":"(anonymous_1)","decl":{"start":{"line":9,"column":12},"end":{"line":9,"column":13}},"loc":{"start":{"line":9,"column":21},"end":{"line":9,"column":37}},"line":9},"2":{"name":"(anonymous_2)","decl":{"start":{"line":10,"column":16},"end":{"line":10,"column":17}},"loc":{"start":{"line":10,"column":25},"end":{"line":10,"column":40}},"line":10},"3":{"name":"(anonymous_3)","decl":{"start":{"line":11,"column":15},"end":{"line":11,"column":16}},"loc":{"start":{"line":11,"column":24},"end":{"line":11,"column":39}},"line":11},"4":{"name":"(anonymous_4)","decl":{"start":{"line":15,"column":21},"end":{"line":15,"column":22}},"loc":{"start":{"line":15,"column":30},"end":{"line":15,"column":43}},"line":15},"5":{"name":"(anonymous_5)","decl":{"start":{"line":16,"column":19},"end":{"line":16,"column":20}},"loc":{"start":{"line":16,"column":28},"end":{"line":16,"column":41}},"line":16},"6":{"name":"(anonymous_6)","decl":{"start":{"line":18,"column":23},"end":{"line":18,"column":24}},"loc":{"start":{"line":18,"column":32},"end":{"line":18,"column":55}},"line":18},"7":{"name":"(anonymous_7)","decl":{"start":{"line":20,"column":16},"end":{"line":20,"column":17}},"loc":{"start":{"line":20,"column":26},"end":{"line":20,"column":76}},"line":20},"8":{"name":"(anonymous_8)","decl":{"start":{"line":22,"column":15},"end":{"line":22,"column":16}},"loc":{"start":{"line":22,"column":24},"end":{"line":22,"column":37}},"line":22},"9":{"name":"(anonymous_9)","decl":{"start":{"line":24,"column":28},"end":{"line":24,"column":29}},"loc":{"start":{"line":24,"column":40},"end":{"line":24,"column":73}},"line":24},"10":{"name":"(anonymous_10)","decl":{"start":{"line":26,"column":29},"end":{"line":26,"column":30}},"loc":{"start":{"line":26,"column":38},"end":{"line":26,"column":63}},"line":26},"11":{"name":"(anonymous_11)","decl":{"start":{"line":28,"column":26},"end":{"line":28,"column":27}},"loc":{"start":{"line":28,"column":35},"end":{"line":28,"column":54}},"line":28},"12":{"name":"(anonymous_12)","decl":{"start":{"line":30,"column":15},"end":{"line":30,"column":16}},"loc":{"start":{"line":30,"column":24},"end":{"line":30,"column":48}},"line":30},"13":{"name":"(anonymous_13)","decl":{"start":{"line":32,"column":18},"end":{"line":32,"column":19}},"loc":{"start":{"line":32,"column":27},"end":{"line":32,"column":105}},"line":32},"14":{"name":"(anonymous_14)","decl":{"start":{"line":34,"column":27},"end":{"line":34,"column":28}},"loc":{"start":{"line":34,"column":36},"end":{"line":34,"column":61}},"line":34},"15":{"name":"(anonymous_15)","decl":{"start":{"line":36,"column":23},"end":{"line":36,"column":24}},"loc":{"start":{"line":36,"column":32},"end":{"line":36,"column":58}},"line":36},"16":{"name":"(anonymous_16)","decl":{"start":{"line":38,"column":20},"end":{"line":38,"column":21}},"loc":{"start":{"line":38,"column":29},"end":{"line":38,"column":59}},"line":38},"17":{"name":"(anonymous_17)","decl":{"start":{"line":40,"column":22},"end":{"line":40,"column":23}},"loc":{"start":{"line":40,"column":31},"end":{"line":40,"column":61}},"line":40},"18":{"name":"(anonymous_18)","decl":{"start":{"line":42,"column":19},"end":{"line":42,"column":20}},"loc":{"start":{"line":42,"column":28},"end":{"line":42,"column":63}},"line":42},"19":{"name":"(anonymous_19)","decl":{"start":{"line":44,"column":22},"end":{"line":44,"column":23}},"loc":{"start":{"line":44,"column":31},"end":{"line":44,"column":108}},"line":44},"20":{"name":"(anonymous_20)","decl":{"start":{"line":46,"column":20},"end":{"line":46,"column":21}},"loc":{"start":{"line":46,"column":29},"end":{"line":46,"column":61}},"line":46},"21":{"name":"(anonymous_21)","decl":{"start":{"line":48,"column":15},"end":{"line":48,"column":16}},"loc":{"start":{"line":48,"column":24},"end":{"line":48,"column":44}},"line":48},"22":{"name":"(anonymous_22)","decl":{"start":{"line":50,"column":29},"end":{"line":50,"column":30}},"loc":{"start":{"line":50,"column":39},"end":{"line":50,"column":83}},"line":50},"23":{"name":"(anonymous_23)","decl":{"start":{"line":52,"column":24},"end":{"line":52,"column":25}},"loc":{"start":{"line":52,"column":33},"end":{"line":52,"column":112}},"line":52},"24":{"name":"(anonymous_24)","decl":{"start":{"line":54,"column":20},"end":{"line":54,"column":21}},"loc":{"start":{"line":54,"column":29},"end":{"line":54,"column":40}},"line":54},"25":{"name":"(anonymous_25)","decl":{"start":{"line":56,"column":17},"end":{"line":56,"column":18}},"loc":{"start":{"line":56,"column":25},"end":{"line":60,"column":1}},"line":56},"26":{"name":"(anonymous_26)","decl":{"start":{"line":62,"column":17},"end":{"line":62,"column":18}},"loc":{"start":{"line":62,"column":26},"end":{"line":67,"column":1}},"line":62},"27":{"name":"(anonymous_27)","decl":{"start":{"line":69,"column":20},"end":{"line":69,"column":21}},"loc":{"start":{"line":69,"column":29},"end":{"line":69,"column":58}},"line":69},"28":{"name":"(anonymous_28)","decl":{"start":{"line":71,"column":20},"end":{"line":71,"column":21}},"loc":{"start":{"line":71,"column":38},"end":{"line":71,"column":58}},"line":71},"29":{"name":"(anonymous_29)","decl":{"start":{"line":73,"column":26},"end":{"line":73,"column":27}},"loc":{"start":{"line":73,"column":35},"end":{"line":89,"column":1}},"line":73},"30":{"name":"(anonymous_30)","decl":{"start":{"line":91,"column":23},"end":{"line":91,"column":24}},"loc":{"start":{"line":91,"column":32},"end":{"line":97,"column":1}},"line":91},"31":{"name":"(anonymous_31)","decl":{"start":{"line":99,"column":25},"end":{"line":99,"column":26}},"loc":{"start":{"line":99,"column":34},"end":{"line":110,"column":1}},"line":99},"32":{"name":"(anonymous_32)","decl":{"start":{"line":112,"column":22},"end":{"line":112,"column":23}},"loc":{"start":{"line":112,"column":31},"end":{"line":122,"column":1}},"line":112},"33":{"name":"(anonymous_33)","decl":{"start":{"line":124,"column":17},"end":{"line":124,"column":18}},"loc":{"start":{"line":124,"column":35},"end":{"line":135,"column":1}},"line":124},"34":{"name":"(anonymous_34)","decl":{"start":{"line":137,"column":18},"end":{"line":137,"column":19}},"loc":{"start":{"line":137,"column":30},"end":{"line":156,"column":1}},"line":137},"35":{"name":"(anonymous_35)","decl":{"start":{"line":158,"column":19},"end":{"line":158,"column":20}},"loc":{"start":{"line":158,"column":29},"end":{"line":158,"column":79}},"line":158},"36":{"name":"(anonymous_36)","decl":{"start":{"line":160,"column":30},"end":{"line":160,"column":31}},"loc":{"start":{"line":160,"column":39},"end":{"line":160,"column":65}},"line":160},"37":{"name":"(anonymous_37)","decl":{"start":{"line":162,"column":18},"end":{"line":162,"column":19}},"loc":{"start":{"line":162,"column":44},"end":{"line":170,"column":1}},"line":162}},"branchMap":{"0":{"loc":{"start":{"line":20,"column":26},"end":{"line":20,"column":76}},"type":"binary-expr","locations":[{"start":{"line":20,"column":26},"end":{"line":20,"column":39}},{"start":{"line":20,"column":43},"end":{"line":20,"column":61}},{"start":{"line":20,"column":65},"end":{"line":20,"column":76}}],"line":20},"1":{"loc":{"start":{"line":50,"column":39},"end":{"line":50,"column":83}},"type":"binary-expr","locations":[{"start":{"line":50,"column":39},"end":{"line":50,"column":60}},{"start":{"line":50,"column":64},"end":{"line":50,"column":83}}],"line":50},"2":{"loc":{"start":{"line":52,"column":33},"end":{"line":52,"column":112}},"type":"binary-expr","locations":[{"start":{"line":52,"column":33},"end":{"line":52,"column":73}},{"start":{"line":52,"column":77},"end":{"line":52,"column":112}}],"line":52},"3":{"loc":{"start":{"line":58,"column":4},"end":{"line":58,"column":37}},"type":"if","locations":[{"start":{"line":58,"column":4},"end":{"line":58,"column":37}},{"start":{},"end":{}}],"line":58},"4":{"loc":{"start":{"line":64,"column":4},"end":{"line":64,"column":38}},"type":"if","locations":[{"start":{"line":64,"column":4},"end":{"line":64,"column":38}},{"start":{},"end":{}}],"line":64},"5":{"loc":{"start":{"line":126,"column":4},"end":{"line":128,"column":5}},"type":"if","locations":[{"start":{"line":126,"column":4},"end":{"line":128,"column":5}},{"start":{},"end":{}}],"line":126},"6":{"loc":{"start":{"line":131,"column":15},"end":{"line":131,"column":82}},"type":"cond-expr","locations":[{"start":{"line":131,"column":33},"end":{"line":131,"column":55}},{"start":{"line":131,"column":58},"end":{"line":131,"column":82}}],"line":131},"7":{"loc":{"start":{"line":141,"column":4},"end":{"line":149,"column":5}},"type":"if","locations":[{"start":{"line":141,"column":4},"end":{"line":149,"column":5}},{"start":{"line":144,"column":9},"end":{"line":149,"column":5}}],"line":141},"8":{"loc":{"start":{"line":144,"column":9},"end":{"line":149,"column":5}},"type":"if","locations":[{"start":{"line":144,"column":9},"end":{"line":149,"column":5}},{"start":{"line":147,"column":9},"end":{"line":149,"column":5}}],"line":144},"9":{"loc":{"start":{"line":147,"column":9},"end":{"line":149,"column":5}},"type":"if","locations":[{"start":{"line":147,"column":9},"end":{"line":149,"column":5}},{"start":{},"end":{}}],"line":147},"10":{"loc":{"start":{"line":158,"column":29},"end":{"line":158,"column":79}},"type":"cond-expr","locations":[{"start":{"line":158,"column":53},"end":{"line":158,"column":71}},{"start":{"line":158,"column":74},"end":{"line":158,"column":79}}],"line":158},"11":{"loc":{"start":{"line":168,"column":25},"end":{"line":168,"column":61}},"type":"cond-expr","locations":[{"start":{"line":168,"column":35},"end":{"line":168,"column":42}},{"start":{"line":168,"column":45},"end":{"line":168,"column":61}}],"line":168}},"s":{"0":3,"1":3,"2":3,"3":977,"4":3,"5":3,"6":456,"7":3,"8":204,"9":3,"10":150,"11":3,"12":2,"13":3,"14":2,"15":3,"16":7,"17":3,"18":1157,"19":3,"20":18,"21":3,"22":108,"23":3,"24":116,"25":3,"26":23,"27":3,"28":162,"29":3,"30":72,"31":3,"32":13,"33":3,"34":100,"35":3,"36":28,"37":3,"38":26,"39":3,"40":37,"41":3,"42":73,"43":3,"44":128,"45":3,"46":66,"47":3,"48":119,"49":3,"50":64,"51":3,"52":37,"53":3,"54":1095,"55":0,"56":1095,"57":3,"58":62,"59":3,"60":59,"61":3,"62":13,"63":3,"64":99,"65":3,"66":6,"67":6,"68":3,"69":3,"70":3,"71":4,"72":4,"73":3,"74":5,"75":5,"76":3,"77":85,"78":17,"79":85,"80":3,"81":75,"82":75,"83":8,"84":67,"85":1,"86":66,"87":10,"88":75,"89":3,"90":70,"91":3,"92":2,"93":3,"94":2,"95":2,"96":2,"97":3,"98":3,"99":3},"f":{"0":977,"1":456,"2":204,"3":150,"4":2,"5":2,"6":7,"7":1157,"8":18,"9":108,"10":116,"11":23,"12":162,"13":72,"14":13,"15":100,"16":28,"17":26,"18":37,"19":73,"20":128,"21":66,"22":119,"23":64,"24":37,"25":1095,"26":62,"27":13,"28":99,"29":6,"30":3,"31":4,"32":5,"33":85,"34":75,"35":70,"36":2,"37":2},"b":{"0":[1157,1155,1155],"1":[119,4],"2":[64,4],"3":[0,1095],"4":[3,59],"5":[17,68],"6":[25,60],"7":[8,67],"8":[1,66],"9":[10,56],"10":[5,65],"11":[1,1]},"_coverageSchema":"1a1c01bbd47fc00a2c39e90264f33305004495a9","hash":"73c9bb981a006549413ea9ab8e165f57e2771b55"}
,"/Users/pgonzalez/Documents/apps/sfdc-formula-parser/lib/mappings/cpq.js": {"path":"/Users/pgonzalez/Documents/apps/sfdc-formula-parser/lib/mappings/cpq.js","statementMap":{"0":{"start":{"line":1,"column":0},"end":{"line":165,"column":1}}},"fnMap":{},"branchMap":{},"s":{"0":3},"f":{},"b":{},"_coverageSchema":"1a1c01bbd47fc00a2c39e90264f33305004495a9","hash":"f9adbe3250802f3a70e96d42479456badd9b7fe3"}
,"/Users/pgonzalez/Documents/apps/sfdc-formula-parser/src/index.js": {"path":"/Users/pgonzalez/Documents/apps/sfdc-formula-parser/src/index.js","statementMap":{"0":{"start":{"line":1,"column":16},"end":{"line":1,"column":44}},"1":{"start":{"line":2,"column":8},"end":{"line":2,"column":31}},"2":{"start":{"line":3,"column":16},"end":{"line":3,"column":44}},"3":{"start":{"line":7,"column":20},"end":{"line":7,"column":29}},"4":{"start":{"line":8,"column":20},"end":{"line":8,"column":29}},"5":{"start":{"line":9,"column":16},"end":{"line":9,"column":18}},"6":{"start":{"line":10,"column":19},"end":{"line":10,"column":21}},"7":{"start":{"line":12,"column":16},"end":{"line":12,"column":53}},"8":{"start":{"line":14,"column":22},"end":{"line":14,"column":24}},"9":{"start":{"line":15,"column":23},"end":{"line":15,"column":28}},"10":{"start":{"line":16,"column":24},"end":{"line":16,"column":29}},"11":{"start":{"line":18,"column":4},"end":{"line":59,"column":7}},"12":{"start":{"line":20,"column":26},"end":{"line":20,"column":48}},"13":{"start":{"line":22,"column":8},"end":{"line":25,"column":9}},"14":{"start":{"line":23,"column":12},"end":{"line":23,"column":33}},"15":{"start":{"line":24,"column":12},"end":{"line":24,"column":19}},"16":{"start":{"line":27,"column":8},"end":{"line":30,"column":9}},"17":{"start":{"line":28,"column":12},"end":{"line":28,"column":34}},"18":{"start":{"line":29,"column":12},"end":{"line":29,"column":19}},"19":{"start":{"line":32,"column":8},"end":{"line":35,"column":9}},"20":{"start":{"line":33,"column":12},"end":{"line":33,"column":41}},"21":{"start":{"line":34,"column":12},"end":{"line":34,"column":19}},"22":{"start":{"line":37,"column":8},"end":{"line":56,"column":9}},"23":{"start":{"line":39,"column":12},"end":{"line":55,"column":13}},"24":{"start":{"line":41,"column":16},"end":{"line":41,"column":36}},"25":{"start":{"line":43,"column":16},"end":{"line":45,"column":17}},"26":{"start":{"line":44,"column":20},"end":{"line":44,"column":47}},"27":{"start":{"line":48,"column":17},"end":{"line":55,"column":13}},"28":{"start":{"line":50,"column":16},"end":{"line":50,"column":69}},"29":{"start":{"line":50,"column":50},"end":{"line":50,"column":69}},"30":{"start":{"line":52,"column":16},"end":{"line":54,"column":17}},"31":{"start":{"line":53,"column":20},"end":{"line":53,"column":47}},"32":{"start":{"line":58,"column":8},"end":{"line":58,"column":15}},"33":{"start":{"line":61,"column":4},"end":{"line":61,"column":46}},"34":{"start":{"line":65,"column":8},"end":{"line":79,"column":9}},"35":{"start":{"line":67,"column":12},"end":{"line":67,"column":39}},"36":{"start":{"line":68,"column":12},"end":{"line":68,"column":24}},"37":{"start":{"line":69,"column":12},"end":{"line":69,"column":19}},"38":{"start":{"line":72,"column":13},"end":{"line":79,"column":9}},"39":{"start":{"line":74,"column":12},"end":{"line":74,"column":24}},"40":{"start":{"line":75,"column":12},"end":{"line":75,"column":19}},"41":{"start":{"line":78,"column":12},"end":{"line":78,"column":51}},"42":{"start":{"line":81,"column":8},"end":{"line":81,"column":20}},"43":{"start":{"line":85,"column":8},"end":{"line":85,"column":25}},"44":{"start":{"line":88,"column":4},"end":{"line":92,"column":5}},"45":{"start":{"line":98,"column":19},"end":{"line":98,"column":21}},"46":{"start":{"line":100,"column":4},"end":{"line":108,"column":6}},"47":{"start":{"line":102,"column":8},"end":{"line":107,"column":9}},"48":{"start":{"line":103,"column":12},"end":{"line":103,"column":50}},"49":{"start":{"line":106,"column":12},"end":{"line":106,"column":58}},"50":{"start":{"line":110,"column":17},"end":{"line":110,"column":19}},"51":{"start":{"line":113,"column":4},"end":{"line":115,"column":6}},"52":{"start":{"line":114,"column":8},"end":{"line":114,"column":48}},"53":{"start":{"line":117,"column":4},"end":{"line":117,"column":18}},"54":{"start":{"line":120,"column":0},"end":{"line":120,"column":23}}},"fnMap":{"0":{"name":"parse","decl":{"start":{"line":5,"column":9},"end":{"line":5,"column":14}},"loc":{"start":{"line":5,"column":32},"end":{"line":94,"column":1}},"line":5},"1":{"name":"(anonymous_1)","decl":{"start":{"line":18,"column":18},"end":{"line":18,"column":19}},"loc":{"start":{"line":18,"column":39},"end":{"line":59,"column":5}},"line":18},"2":{"name":"determineType","decl":{"start":{"line":63,"column":13},"end":{"line":63,"column":26}},"loc":{"start":{"line":63,"column":33},"end":{"line":82,"column":5}},"line":63},"3":{"name":"clearWord","decl":{"start":{"line":84,"column":13},"end":{"line":84,"column":22}},"loc":{"start":{"line":84,"column":24},"end":{"line":86,"column":5}},"line":84},"4":{"name":"organizeInstancesByType","decl":{"start":{"line":96,"column":9},"end":{"line":96,"column":32}},"loc":{"start":{"line":96,"column":39},"end":{"line":118,"column":1}},"line":96},"5":{"name":"(anonymous_5)","decl":{"start":{"line":100,"column":18},"end":{"line":100,"column":19}},"loc":{"start":{"line":100,"column":23},"end":{"line":108,"column":5}},"line":100},"6":{"name":"(anonymous_6)","decl":{"start":{"line":113,"column":30},"end":{"line":113,"column":31}},"loc":{"start":{"line":113,"column":37},"end":{"line":115,"column":5}},"line":113}},"branchMap":{"0":{"loc":{"start":{"line":22,"column":8},"end":{"line":25,"column":9}},"type":"if","locations":[{"start":{"line":22,"column":8},"end":{"line":25,"column":9}},{"start":{},"end":{}}],"line":22},"1":{"loc":{"start":{"line":22,"column":11},"end":{"line":22,"column":77}},"type":"binary-expr","locations":[{"start":{"line":22,"column":11},"end":{"line":22,"column":22}},{"start":{"line":22,"column":26},"end":{"line":22,"column":37}},{"start":{"line":22,"column":41},"end":{"line":22,"column":77}}],"line":22},"2":{"loc":{"start":{"line":27,"column":8},"end":{"line":30,"column":9}},"type":"if","locations":[{"start":{"line":27,"column":8},"end":{"line":30,"column":9}},{"start":{},"end":{}}],"line":27},"3":{"loc":{"start":{"line":27,"column":11},"end":{"line":27,"column":75}},"type":"binary-expr","locations":[{"start":{"line":27,"column":11},"end":{"line":27,"column":22}},{"start":{"line":27,"column":26},"end":{"line":27,"column":37}},{"start":{"line":27,"column":41},"end":{"line":27,"column":75}}],"line":27},"4":{"loc":{"start":{"line":32,"column":8},"end":{"line":35,"column":9}},"type":"if","locations":[{"start":{"line":32,"column":8},"end":{"line":35,"column":9}},{"start":{},"end":{}}],"line":32},"5":{"loc":{"start":{"line":37,"column":8},"end":{"line":56,"column":9}},"type":"if","locations":[{"start":{"line":37,"column":8},"end":{"line":56,"column":9}},{"start":{},"end":{}}],"line":37},"6":{"loc":{"start":{"line":37,"column":11},"end":{"line":37,"column":42}},"type":"binary-expr","locations":[{"start":{"line":37,"column":11},"end":{"line":37,"column":24}},{"start":{"line":37,"column":28},"end":{"line":37,"column":42}}],"line":37},"7":{"loc":{"start":{"line":39,"column":12},"end":{"line":55,"column":13}},"type":"if","locations":[{"start":{"line":39,"column":12},"end":{"line":55,"column":13}},{"start":{"line":48,"column":17},"end":{"line":55,"column":13}}],"line":39},"8":{"loc":{"start":{"line":43,"column":16},"end":{"line":45,"column":17}},"type":"if","locations":[{"start":{"line":43,"column":16},"end":{"line":45,"column":17}},{"start":{},"end":{}}],"line":43},"9":{"loc":{"start":{"line":48,"column":17},"end":{"line":55,"column":13}},"type":"if","locations":[{"start":{"line":48,"column":17},"end":{"line":55,"column":13}},{"start":{},"end":{}}],"line":48},"10":{"loc":{"start":{"line":50,"column":16},"end":{"line":50,"column":69}},"type":"if","locations":[{"start":{"line":50,"column":16},"end":{"line":50,"column":69}},{"start":{},"end":{}}],"line":50},"11":{"loc":{"start":{"line":52,"column":16},"end":{"line":54,"column":17}},"type":"if","locations":[{"start":{"line":52,"column":16},"end":{"line":54,"column":17}},{"start":{},"end":{}}],"line":52},"12":{"loc":{"start":{"line":52,"column":19},"end":{"line":52,"column":62}},"type":"binary-expr","locations":[{"start":{"line":52,"column":19},"end":{"line":52,"column":36}},{"start":{"line":52,"column":40},"end":{"line":52,"column":62}}],"line":52},"13":{"loc":{"start":{"line":65,"column":8},"end":{"line":79,"column":9}},"type":"if","locations":[{"start":{"line":65,"column":8},"end":{"line":79,"column":9}},{"start":{"line":72,"column":13},"end":{"line":79,"column":9}}],"line":65},"14":{"loc":{"start":{"line":72,"column":13},"end":{"line":79,"column":9}},"type":"if","locations":[{"start":{"line":72,"column":13},"end":{"line":79,"column":9}},{"start":{"line":77,"column":12},"end":{"line":79,"column":9}}],"line":72},"15":{"loc":{"start":{"line":102,"column":8},"end":{"line":107,"column":9}},"type":"if","locations":[{"start":{"line":102,"column":8},"end":{"line":107,"column":9}},{"start":{"line":105,"column":13},"end":{"line":107,"column":9}}],"line":102}},"s":{"0":1,"1":1,"2":1,"3":6,"4":6,"5":6,"6":6,"7":6,"8":6,"9":6,"10":6,"11":6,"12":1114,"13":1114,"14":1,"15":1,"16":1113,"17":1,"18":1,"19":1112,"20":22,"21":22,"22":1090,"23":987,"24":882,"25":882,"26":3,"27":105,"28":105,"29":37,"30":105,"31":53,"32":1090,"33":6,"34":56,"35":38,"36":38,"37":38,"38":18,"39":0,"40":0,"41":18,"42":18,"43":56,"44":6,"45":6,"46":6,"47":80,"48":53,"49":27,"50":6,"51":6,"52":27,"53":6,"54":1},"f":{"0":6,"1":1114,"2":56,"3":56,"4":6,"5":80,"6":27},"b":{"0":[1,1113],"1":[1114,2,2],"2":[1,1112],"3":[1113,2,2],"4":[22,1090],"5":[987,103],"6":[1090,1001],"7":[882,105],"8":[3,879],"9":[105,0],"10":[37,68],"11":[53,52],"12":[105,53],"13":[38,18],"14":[0,18],"15":[53,27]},"_coverageSchema":"1a1c01bbd47fc00a2c39e90264f33305004495a9","hash":"40e07e3132888aa3085fac61e495106904bebee8"}
}
