{"total": {"lines":{"total":182,"covered":180,"skipped":0,"pct":98.9},"statements":{"total":216,"covered":213,"skipped":0,"pct":98.61},"functions":{"total":49,"covered":49,"skipped":0,"pct":100},"branches":{"total":103,"covered":100,"skipped":0,"pct":97.08},"branchesTrue":{"total":0,"covered":0,"skipped":0,"pct":100}}
,"/Users/pgonzalez/Documents/apps/sfdc-formula-parser/lib/ValueTypes.js": {"lines":{"total":11,"covered":11,"skipped":0,"pct":100},"functions":{"total":1,"covered":1,"skipped":0,"pct":100},"statements":{"total":11,"covered":11,"skipped":0,"pct":100},"branches":{"total":0,"covered":0,"skipped":0,"pct":100}}
,"/Users/pgonzalez/Documents/apps/sfdc-formula-parser/lib/parseTypes.js": {"lines":{"total":46,"covered":46,"skipped":0,"pct":100},"functions":{"total":3,"covered":3,"skipped":0,"pct":100},"statements":{"total":47,"covered":47,"skipped":0,"pct":100},"branches":{"total":40,"covered":40,"skipped":0,"pct":100}}
,"/Users/pgonzalez/Documents/apps/sfdc-formula-parser/lib/utils.js": {"lines":{"total":69,"covered":69,"skipped":0,"pct":100},"functions":{"total":38,"covered":38,"skipped":0,"pct":100},"statements":{"total":100,"covered":99,"skipped":0,"pct":99},"branches":{"total":25,"covered":24,"skipped":0,"pct":96}}
,"/Users/pgonzalez/Documents/apps/sfdc-formula-parser/lib/mappings/cpq.js": {"lines":{"total":1,"covered":1,"skipped":0,"pct":100},"functions":{"total":0,"covered":0,"skipped":0,"pct":100},"statements":{"total":1,"covered":1,"skipped":0,"pct":100},"branches":{"total":0,"covered":0,"skipped":0,"pct":100}}
,"/Users/pgonzalez/Documents/apps/sfdc-formula-parser/src/index.js": {"lines":{"total":55,"covered":53,"skipped":0,"pct":96.36},"functions":{"total":7,"covered":7,"skipped":0,"pct":100},"statements":{"total":57,"covered":55,"skipped":0,"pct":96.49},"branches":{"total":38,"covered":36,"skipped":0,"pct":94.73}}
}
