{"total": {"lines":{"total":212,"covered":210,"skipped":0,"pct":99.05},"statements":{"total":244,"covered":240,"skipped":0,"pct":98.36},"functions":{"total":49,"covered":49,"skipped":0,"pct":100},"branches":{"total":103,"covered":99,"skipped":0,"pct":96.11},"branchesTrue":{"total":0,"covered":0,"skipped":0,"pct":100}}
,"/Users/pgonzalez/Documents/apps/sfdc-formula-parser/lib/ValueTypes.js": {"lines":{"total":11,"covered":11,"skipped":0,"pct":100},"functions":{"total":1,"covered":1,"skipped":0,"pct":100},"statements":{"total":11,"covered":11,"skipped":0,"pct":100},"branches":{"total":0,"covered":0,"skipped":0,"pct":100}}
,"/Users/pgonzalez/Documents/apps/sfdc-formula-parser/lib/parseTypes.js": {"lines":{"total":48,"covered":48,"skipped":0,"pct":100},"functions":{"total":3,"covered":3,"skipped":0,"pct":100},"statements":{"total":49,"covered":49,"skipped":0,"pct":100},"branches":{"total":40,"covered":40,"skipped":0,"pct":100}}
,"/Users/pgonzalez/Documents/apps/sfdc-formula-parser/lib/utils.js": {"lines":{"total":6,"covered":6,"skipped":0,"pct":100},"functions":{"total":5,"covered":5,"skipped":0,"pct":100},"statements":{"total":11,"covered":11,"skipped":0,"pct":100},"branches":{"total":0,"covered":0,"skipped":0,"pct":100}}
,"/Users/pgonzalez/Documents/apps/sfdc-formula-parser/lib/mappings/cpq.js": {"lines":{"total":1,"covered":1,"skipped":0,"pct":100},"functions":{"total":0,"covered":0,"skipped":0,"pct":100},"statements":{"total":1,"covered":1,"skipped":0,"pct":100},"branches":{"total":0,"covered":0,"skipped":0,"pct":100}}
,"/Users/pgonzalez/Documents/apps/sfdc-formula-parser/lib/parser/grammar.js": {"lines":{"total":21,"covered":21,"skipped":0,"pct":100},"functions":{"total":0,"covered":0,"skipped":0,"pct":100},"statements":{"total":21,"covered":21,"skipped":0,"pct":100},"branches":{"total":0,"covered":0,"skipped":0,"pct":100}}
,"/Users/pgonzalez/Documents/apps/sfdc-formula-parser/lib/parser/grammarChecks.js": {"lines":{"total":29,"covered":29,"skipped":0,"pct":100},"functions":{"total":20,"covered":20,"skipped":0,"pct":100},"statements":{"total":47,"covered":45,"skipped":0,"pct":95.74},"branches":{"total":11,"covered":9,"skipped":0,"pct":81.81}}
,"/Users/pgonzalez/Documents/apps/sfdc-formula-parser/lib/parser/transformations.js": {"lines":{"total":40,"covered":40,"skipped":0,"pct":100},"functions":{"total":13,"covered":13,"skipped":0,"pct":100},"statements":{"total":46,"covered":46,"skipped":0,"pct":100},"branches":{"total":14,"covered":14,"skipped":0,"pct":100}}
,"/Users/pgonzalez/Documents/apps/sfdc-formula-parser/src/index.js": {"lines":{"total":56,"covered":54,"skipped":0,"pct":96.42},"functions":{"total":7,"covered":7,"skipped":0,"pct":100},"statements":{"total":58,"covered":56,"skipped":0,"pct":96.55},"branches":{"total":38,"covered":36,"skipped":0,"pct":94.73}}
}
