TN:
SF:dist/lib/MetadataTypes.js
FN:4,(anonymous_0)
FNF:1
FNH:1
FNDA:27,(anonymous_0)
DA:3,3
DA:5,27
LF:2
LH:2
BRF:0
BRH:0
end_of_record
TN:
SF:dist/lib/parseTypes.js
FN:6,parseType
FN:23,(anonymous_1)
FN:73,parseField
FNF:3
FNH:3
FNDA:35,parseType
FNDA:70,(anonymous_1)
FNDA:68,parseField
DA:2,2
DA:3,2
DA:4,2
DA:5,2
DA:7,35
DA:9,35
DA:10,4
DA:12,31
DA:13,5
DA:15,26
DA:16,2
DA:18,24
DA:19,3
DA:21,21
DA:22,17
DA:23,17
DA:24,70
DA:25,6
DA:26,64
DA:27,64
DA:28,64
DA:29,11
DA:32,53
DA:33,53
DA:34,2
DA:37,64
DA:38,8
DA:40,64
DA:41,64
DA:42,64
DA:43,47
DA:44,36
DA:47,11
DA:50,64
DA:51,2
DA:53,62
DA:54,9
DA:56,53
DA:57,8
DA:58,2
DA:61,6
DA:62,6
DA:65,64
DA:70,4
DA:71,4
DA:74,68
DA:75,68
DA:76,68
DA:78,35
DA:80,2
LF:50
LH:50
BRDA:9,0,0,4
BRDA:9,0,1,31
BRDA:12,1,0,5
BRDA:12,1,1,26
BRDA:15,2,0,2
BRDA:15,2,1,24
BRDA:18,3,0,3
BRDA:18,3,1,21
BRDA:21,4,0,17
BRDA:21,4,1,4
BRDA:24,5,0,6
BRDA:24,5,1,64
BRDA:24,6,0,70
BRDA:24,6,1,66
BRDA:28,7,0,11
BRDA:28,7,1,53
BRDA:33,8,0,2
BRDA:33,8,1,51
BRDA:37,9,0,8
BRDA:37,9,1,56
BRDA:37,10,0,64
BRDA:37,10,1,8
BRDA:42,11,0,47
BRDA:42,11,1,17
BRDA:43,12,0,36
BRDA:43,12,1,11
BRDA:50,13,0,2
BRDA:50,13,1,62
BRDA:53,14,0,9
BRDA:53,14,1,53
BRDA:56,15,0,8
BRDA:56,15,1,45
BRDA:57,16,0,2
BRDA:57,16,1,6
BRF:34
BRH:34
end_of_record
TN:
SF:dist/lib/utils.js
FN:2,(anonymous_0)
FN:3,(anonymous_1)
FN:4,(anonymous_2)
FN:5,(anonymous_3)
FN:6,(anonymous_4)
FNF:5
FNH:5
FNDA:525,(anonymous_0)
FNDA:41,(anonymous_1)
FNDA:9,(anonymous_2)
FNDA:8,(anonymous_3)
FNDA:7,(anonymous_4)
DA:2,525
DA:3,41
DA:4,9
DA:5,8
DA:6,7
DA:7,5
LF:6
LH:6
BRF:0
BRH:0
end_of_record
TN:
SF:dist/lib/interfaces/interfaces.js
FN:6,(anonymous_0)
FN:11,(anonymous_1)
FN:14,(anonymous_2)
FN:17,(anonymous_3)
FN:20,(anonymous_4)
FN:41,(anonymous_5)
FN:46,(anonymous_6)
FN:49,(anonymous_7)
FN:52,(anonymous_8)
FN:55,(anonymous_9)
FN:65,(anonymous_10)
FN:74,(anonymous_11)
FN:82,(anonymous_12)
FN:85,(anonymous_13)
FN:89,(anonymous_14)
FN:93,(anonymous_15)
FN:96,(anonymous_16)
FN:100,(anonymous_17)
FN:104,(anonymous_18)
FN:108,(anonymous_19)
FN:115,(anonymous_20)
FN:122,(anonymous_21)
FN:125,(anonymous_22)
FN:128,(anonymous_23)
FN:138,(anonymous_24)
FN:141,(anonymous_25)
FN:148,(anonymous_26)
FN:163,(anonymous_27)
FN:166,(anonymous_28)
FN:173,(anonymous_29)
FN:184,(anonymous_30)
FN:192,(anonymous_31)
FN:196,(anonymous_32)
FNF:33
FNH:33
FNDA:12,(anonymous_0)
FNDA:87,(anonymous_1)
FNDA:506,(anonymous_2)
FNDA:196,(anonymous_3)
FNDA:4,(anonymous_4)
FNDA:83,(anonymous_5)
FNDA:311,(anonymous_6)
FNDA:194,(anonymous_7)
FNDA:68,(anonymous_8)
FNDA:196,(anonymous_9)
FNDA:9,(anonymous_10)
FNDA:64,(anonymous_11)
FNDA:47,(anonymous_12)
FNDA:64,(anonymous_13)
FNDA:62,(anonymous_14)
FNDA:53,(anonymous_15)
FNDA:36,(anonymous_16)
FNDA:9,(anonymous_17)
FNDA:11,(anonymous_18)
FNDA:2,(anonymous_19)
FNDA:64,(anonymous_20)
FNDA:6,(anonymous_21)
FNDA:4,(anonymous_22)
FNDA:6,(anonymous_23)
FNDA:5,(anonymous_24)
FNDA:31,(anonymous_25)
FNDA:5,(anonymous_26)
FNDA:4,(anonymous_27)
FNDA:35,(anonymous_28)
FNDA:4,(anonymous_29)
FNDA:2,(anonymous_30)
FNDA:28,(anonymous_31)
FNDA:2,(anonymous_32)
DA:2,2
DA:3,2
DA:4,2
DA:7,12
DA:12,87
DA:15,506
DA:18,196
DA:21,4
DA:22,4
DA:23,1
DA:25,3
DA:26,3
DA:32,0
DA:37,4
DA:42,83
DA:43,83
DA:44,83
DA:47,311
DA:50,194
DA:53,68
DA:56,196
DA:57,196
DA:58,196
DA:59,196
DA:62,0
DA:66,9
DA:72,2
DA:75,64
DA:76,64
DA:77,64
DA:78,64
DA:79,64
DA:80,64
DA:83,47
DA:86,64
DA:87,64
DA:90,62
DA:91,62
DA:94,53
DA:97,36
DA:98,36
DA:101,9
DA:102,9
DA:105,11
DA:106,11
DA:110,2
DA:111,2
DA:112,2
DA:113,2
DA:116,64
DA:117,64
DA:120,2
DA:123,6
DA:126,4
DA:129,6
DA:139,5
DA:144,31
DA:145,31
DA:146,31
DA:150,5
DA:151,5
DA:161,2
DA:164,4
DA:169,35
DA:170,35
DA:171,35
DA:175,4
DA:176,4
DA:182,2
DA:185,2
DA:186,0
DA:189,2
DA:193,28
DA:194,28
DA:197,2
DA:198,2
DA:206,2
LF:77
LH:74
BRDA:22,0,0,1
BRDA:22,0,1,3
BRDA:25,1,0,3
BRDA:25,1,1,0
BRDA:56,2,0,196
BRDA:56,2,1,0
BRDA:67,3,0,5
BRDA:67,3,1,4
BRDA:87,4,0,64
BRDA:87,4,1,4
BRDA:112,5,0,0
BRDA:112,5,1,2
BRDA:112,6,0,2
BRDA:112,6,1,2
BRDA:113,7,0,1
BRDA:113,7,1,1
BRDA:116,8,0,4
BRDA:116,8,1,60
BRDA:146,9,0,31
BRDA:146,9,1,5
BRDA:171,10,0,35
BRDA:171,10,1,9
BRDA:185,11,0,0
BRDA:185,11,1,2
BRDA:194,12,0,28
BRDA:194,12,1,9
BRF:26
BRH:22
end_of_record
TN:
SF:dist/lib/mappings/cpq.js
FNF:0
FNH:0
DA:2,3
LF:1
LH:1
BRF:0
BRH:0
end_of_record
TN:
SF:dist/lib/parser/grammar.js
FNF:0
FNH:0
DA:2,4
DA:3,4
DA:4,4
DA:5,4
DA:6,4
DA:7,4
DA:8,4
DA:9,4
DA:10,4
DA:11,4
DA:12,4
DA:13,4
DA:14,4
DA:15,4
DA:16,4
DA:17,4
DA:18,4
DA:19,4
DA:20,4
DA:36,4
DA:123,4
LF:21
LH:21
BRF:0
BRH:0
end_of_record
TN:
SF:dist/lib/parser/grammarChecks.js
FN:4,(anonymous_0)
FN:5,(anonymous_1)
FN:6,(anonymous_2)
FN:7,(anonymous_3)
FN:8,(anonymous_4)
FN:9,(anonymous_5)
FN:10,(anonymous_6)
FN:11,(anonymous_7)
FN:12,(anonymous_8)
FN:13,(anonymous_9)
FN:14,(anonymous_10)
FN:15,(anonymous_11)
FN:16,(anonymous_12)
FN:17,(anonymous_13)
FN:18,(anonymous_14)
FN:19,(anonymous_15)
FN:20,(anonymous_16)
FN:23,(anonymous_17)
FN:27,(anonymous_18)
FN:32,(anonymous_19)
FNF:20
FNH:19
FNDA:2,(anonymous_0)
FNDA:2,(anonymous_1)
FNDA:1157,(anonymous_2)
FNDA:56,(anonymous_3)
FNDA:108,(anonymous_4)
FNDA:69,(anonymous_5)
FNDA:23,(anonymous_6)
FNDA:149,(anonymous_7)
FNDA:8,(anonymous_8)
FNDA:68,(anonymous_9)
FNDA:2,(anonymous_10)
FNDA:26,(anonymous_11)
FNDA:2,(anonymous_12)
FNDA:73,(anonymous_13)
FNDA:2,(anonymous_14)
FNDA:66,(anonymous_15)
FNDA:119,(anonymous_16)
FNDA:0,(anonymous_17)
FNDA:1095,(anonymous_18)
FNDA:62,(anonymous_19)
DA:2,4
DA:3,4
DA:4,4
DA:5,4
DA:6,1157
DA:7,56
DA:8,108
DA:9,69
DA:10,23
DA:11,149
DA:12,8
DA:13,68
DA:14,4
DA:15,26
DA:16,4
DA:17,73
DA:18,4
DA:19,66
DA:20,4
DA:21,119
DA:23,4
DA:24,0
DA:25,0
DA:27,4
DA:28,1095
DA:29,0
DA:30,1095
DA:32,4
DA:33,62
DA:34,3
DA:35,59
DA:37,4
LF:32
LH:29
BRDA:6,0,0,1157
BRDA:6,0,1,1155
BRDA:6,0,2,1155
BRDA:21,1,0,119
BRDA:21,1,1,4
BRDA:25,2,0,0
BRDA:25,2,1,0
BRDA:28,3,0,0
BRDA:28,3,1,1095
BRDA:33,4,0,3
BRDA:33,4,1,59
BRF:11
BRH:8
end_of_record
TN:
SF:dist/lib/parser/transformations.js
FN:7,(anonymous_0)
FN:8,(anonymous_1)
FN:9,(anonymous_2)
FN:10,(anonymous_3)
FN:13,(anonymous_4)
FN:28,(anonymous_5)
FN:34,(anonymous_6)
FN:44,(anonymous_7)
FN:52,(anonymous_8)
FN:61,(anonymous_9)
FN:77,(anonymous_10)
FN:78,(anonymous_11)
FN:79,(anonymous_12)
FNF:13
FNH:12
FNDA:1,(anonymous_0)
FNDA:4,(anonymous_1)
FNDA:2,(anonymous_2)
FNDA:9,(anonymous_3)
FNDA:1,(anonymous_4)
FNDA:1,(anonymous_5)
FNDA:4,(anonymous_6)
FNDA:1,(anonymous_7)
FNDA:76,(anonymous_8)
FNDA:71,(anonymous_9)
FNDA:2,(anonymous_10)
FNDA:2,(anonymous_11)
FNDA:0,(anonymous_12)
DA:2,3
DA:3,3
DA:4,3
DA:5,3
DA:6,3
DA:7,3
DA:8,4
DA:9,3
DA:10,3
DA:11,9
DA:13,3
DA:15,1
DA:16,1
DA:28,3
DA:29,1
DA:34,3
DA:35,4
DA:36,4
DA:44,3
DA:46,1
DA:47,1
DA:52,3
DA:53,76
DA:54,8
DA:56,76
DA:61,3
DA:62,71
DA:63,71
DA:64,5
DA:66,66
DA:67,0
DA:69,66
DA:70,10
DA:72,71
DA:77,3
DA:78,3
DA:79,3
DA:81,0
DA:82,0
DA:83,0
DA:85,3
LF:41
LH:37
BRDA:53,0,0,8
BRDA:53,0,1,68
BRDA:57,1,0,20
BRDA:57,1,1,56
BRDA:63,2,0,5
BRDA:63,2,1,66
BRDA:66,3,0,0
BRDA:66,3,1,66
BRDA:69,4,0,10
BRDA:69,4,1,56
BRDA:77,5,0,1
BRDA:77,5,1,1
BRDA:82,6,0,0
BRDA:82,6,1,0
BRDA:82,7,0,0
BRDA:82,7,1,0
BRDA:83,8,0,0
BRDA:83,8,1,0
BRF:18
BRH:11
end_of_record
TN:
SF:dist/src/index.js
FN:6,parse
FN:18,(anonymous_1)
FN:50,determineType
FN:66,clearWord
FN:71,organizeInstancesByType
FN:73,(anonymous_5)
FN:83,(anonymous_6)
FNF:7
FNH:7
FNDA:8,parse
FNDA:1114,(anonymous_1)
FNDA:56,determineType
FNDA:56,clearWord
FNDA:6,organizeInstancesByType
FNDA:80,(anonymous_5)
FNDA:27,(anonymous_6)
DA:2,1
DA:3,1
DA:4,1
DA:5,1
DA:7,8
DA:8,8
DA:9,2
DA:10,6
DA:11,6
DA:12,6
DA:13,6
DA:14,6
DA:15,6
DA:16,6
DA:17,6
DA:18,6
DA:19,1114
DA:20,1114
DA:21,1
DA:22,1
DA:24,1113
DA:25,1
DA:26,1
DA:28,1112
DA:29,22
DA:30,22
DA:32,1090
DA:33,987
DA:34,882
DA:35,882
DA:36,3
DA:39,105
DA:40,105
DA:41,37
DA:42,105
DA:43,53
DA:47,1090
DA:49,6
DA:51,56
DA:52,56
DA:53,0
DA:54,0
DA:56,56
DA:57,38
DA:58,38
DA:59,38
DA:62,18
DA:64,18
DA:67,56
DA:69,6
DA:72,6
DA:73,6
DA:74,80
DA:75,53
DA:78,27
DA:81,6
DA:83,6
DA:84,27
DA:86,6
DA:88,1
LF:60
LH:58
BRDA:8,0,0,2
BRDA:8,0,1,6
BRDA:8,1,0,8
BRDA:8,1,1,7
BRDA:20,2,0,1
BRDA:20,2,1,1113
BRDA:20,3,0,1114
BRDA:20,3,1,2
BRDA:20,3,2,2
BRDA:24,4,0,1
BRDA:24,4,1,1112
BRDA:24,5,0,1113
BRDA:24,5,1,2
BRDA:24,5,2,2
BRDA:28,6,0,22
BRDA:28,6,1,1090
BRDA:32,7,0,987
BRDA:32,7,1,103
BRDA:32,8,0,1090
BRDA:32,8,1,1001
BRDA:33,9,0,882
BRDA:33,9,1,105
BRDA:35,10,0,3
BRDA:35,10,1,879
BRDA:39,11,0,105
BRDA:39,11,1,0
BRDA:40,12,0,37
BRDA:40,12,1,68
BRDA:42,13,0,53
BRDA:42,13,1,52
BRDA:42,14,0,105
BRDA:42,14,1,53
BRDA:52,15,0,0
BRDA:52,15,1,56
BRDA:56,16,0,38
BRDA:56,16,1,18
BRDA:74,17,0,53
BRDA:74,17,1,27
BRF:38
BRH:36
end_of_record
