TN:
SF:dist/lib/MetadataTypes.js
FN:4,(anonymous_0)
FNF:1
FNH:1
FNDA:27,(anonymous_0)
DA:3,3
DA:5,27
LF:2
LH:2
BRF:0
BRH:0
end_of_record
TN:
SF:dist/lib/parseTypes.js
FN:6,parseType
FN:25,(anonymous_1)
FN:98,parseField
FN:108,removeDollarSign
FN:115,removeProcessBuilderPrefix
FNF:5
FNH:5
FNDA:35,parseType
FNDA:68,(anonymous_1)
FNDA:72,parseField
FNDA:68,removeDollarSign
FNDA:17,removeProcessBuilderPrefix
DA:2,2
DA:3,2
DA:4,2
DA:5,2
DA:7,35
DA:9,35
DA:10,4
DA:12,31
DA:13,5
DA:15,26
DA:16,2
DA:18,24
DA:19,3
DA:21,21
DA:22,17
DA:23,17
DA:24,17
DA:25,17
DA:30,68
DA:31,68
DA:33,68
DA:34,4
DA:36,64
DA:37,13
DA:43,51
DA:45,68
DA:46,8
DA:48,68
DA:49,68
DA:50,68
DA:51,68
DA:53,51
DA:55,11
DA:60,40
DA:64,68
DA:68,2
DA:69,2
DA:70,2
DA:71,2
DA:72,2
DA:75,66
DA:78,9
DA:81,57
DA:82,8
DA:83,2
DA:87,6
DA:90,68
DA:95,4
DA:96,4
DA:99,72
DA:100,72
DA:102,35
DA:109,68
DA:116,17
DA:117,17
DA:118,17
DA:119,2
DA:120,2
DA:122,17
DA:124,2
LF:60
LH:60
BRDA:9,0,0,4
BRDA:9,0,1,31
BRDA:12,1,0,5
BRDA:12,1,1,26
BRDA:15,2,0,2
BRDA:15,2,1,24
BRDA:18,3,0,3
BRDA:18,3,1,21
BRDA:21,4,0,17
BRDA:21,4,1,4
BRDA:33,5,0,4
BRDA:33,5,1,64
BRDA:36,6,0,13
BRDA:36,6,1,51
BRDA:45,7,0,8
BRDA:45,7,1,60
BRDA:45,8,0,68
BRDA:45,8,1,8
BRDA:51,9,0,51
BRDA:51,9,1,17
BRDA:53,10,0,11
BRDA:53,10,1,40
BRDA:64,11,0,2
BRDA:64,11,1,66
BRDA:64,12,0,68
BRDA:64,12,1,4
BRDA:70,13,0,0
BRDA:70,13,1,2
BRDA:70,14,0,2
BRDA:70,14,1,2
BRDA:71,15,0,1
BRDA:71,15,1,1
BRDA:75,16,0,9
BRDA:75,16,1,57
BRDA:81,17,0,8
BRDA:81,17,1,49
BRDA:82,18,0,2
BRDA:82,18,1,6
BRDA:109,19,0,8
BRDA:109,19,1,60
BRDA:118,20,0,2
BRDA:118,20,1,15
BRDA:118,21,0,17
BRDA:118,21,1,2
BRF:44
BRH:43
end_of_record
TN:
SF:dist/lib/utils.js
FN:2,(anonymous_0)
FN:3,(anonymous_1)
FN:4,(anonymous_2)
FN:5,(anonymous_3)
FN:6,(anonymous_4)
FN:7,(anonymous_5)
FN:10,(anonymous_6)
FNF:7
FNH:7
FNDA:380,(anonymous_0)
FNDA:21,(anonymous_1)
FNDA:9,(anonymous_2)
FNDA:8,(anonymous_3)
FNDA:7,(anonymous_4)
FNDA:68,(anonymous_5)
FNDA:79,(anonymous_6)
DA:2,380
DA:3,21
DA:4,9
DA:5,8
DA:6,7
DA:7,5
DA:8,68
DA:10,5
DA:11,79
DA:13,5
LF:10
LH:10
BRF:0
BRH:0
end_of_record
TN:
SF:dist/lib/interfaces/interfaces.js
FN:7,(anonymous_0)
FN:12,(anonymous_1)
FN:15,(anonymous_2)
FN:18,(anonymous_3)
FN:21,(anonymous_4)
FN:42,(anonymous_5)
FN:53,(anonymous_6)
FN:58,(anonymous_7)
FN:61,(anonymous_8)
FN:64,(anonymous_9)
FN:67,(anonymous_10)
FN:77,(anonymous_11)
FN:86,(anonymous_12)
FN:89,(anonymous_13)
FN:92,(anonymous_14)
FN:102,(anonymous_15)
FN:105,(anonymous_16)
FN:112,(anonymous_17)
FN:127,(anonymous_18)
FN:130,(anonymous_19)
FN:137,(anonymous_20)
FN:148,(anonymous_21)
FN:156,(anonymous_22)
FN:160,(anonymous_23)
FN:172,(anonymous_24)
FN:180,(anonymous_25)
FN:184,(anonymous_26)
FNF:27
FNH:26
FNDA:15,(anonymous_0)
FNDA:88,(anonymous_1)
FNDA:159,(anonymous_2)
FNDA:68,(anonymous_3)
FNDA:4,(anonymous_4)
FNDA:0,(anonymous_5)
FNDA:84,(anonymous_6)
FNDA:86,(anonymous_7)
FNDA:72,(anonymous_8)
FNDA:72,(anonymous_9)
FNDA:68,(anonymous_10)
FNDA:12,(anonymous_11)
FNDA:6,(anonymous_12)
FNDA:4,(anonymous_13)
FNDA:6,(anonymous_14)
FNDA:5,(anonymous_15)
FNDA:31,(anonymous_16)
FNDA:5,(anonymous_17)
FNDA:4,(anonymous_18)
FNDA:35,(anonymous_19)
FNDA:4,(anonymous_20)
FNDA:2,(anonymous_21)
FNDA:28,(anonymous_22)
FNDA:2,(anonymous_23)
FNDA:3,(anonymous_24)
FNDA:27,(anonymous_25)
FNDA:3,(anonymous_26)
DA:2,2
DA:3,2
DA:4,2
DA:5,2
DA:8,15
DA:13,88
DA:16,159
DA:19,68
DA:22,4
DA:23,4
DA:24,1
DA:26,3
DA:27,3
DA:33,0
DA:38,4
DA:43,0
DA:44,0
DA:47,0
DA:49,0
DA:54,84
DA:55,84
DA:56,84
DA:59,86
DA:62,72
DA:65,72
DA:68,68
DA:69,68
DA:70,68
DA:71,68
DA:74,0
DA:78,12
DA:84,2
DA:87,6
DA:90,4
DA:93,6
DA:103,5
DA:108,31
DA:109,31
DA:110,31
DA:114,5
DA:115,5
DA:125,2
DA:128,4
DA:133,35
DA:134,35
DA:135,35
DA:139,4
DA:140,4
DA:146,2
DA:149,2
DA:150,0
DA:153,2
DA:157,28
DA:158,28
DA:161,2
DA:162,2
DA:170,2
DA:173,3
DA:174,0
DA:177,3
DA:181,27
DA:182,27
DA:185,3
DA:186,3
DA:195,2
LF:65
LH:57
BRDA:23,0,0,1
BRDA:23,0,1,3
BRDA:26,1,0,3
BRDA:26,1,1,0
BRDA:44,2,0,0
BRDA:44,2,1,0
BRDA:44,3,0,0
BRDA:44,3,1,0
BRDA:44,3,2,0
BRDA:68,4,0,68
BRDA:68,4,1,0
BRDA:79,5,0,7
BRDA:79,5,1,5
BRDA:110,6,0,31
BRDA:110,6,1,5
BRDA:135,7,0,35
BRDA:135,7,1,9
BRDA:149,8,0,0
BRDA:149,8,1,2
BRDA:158,9,0,28
BRDA:158,9,1,9
BRDA:173,10,0,0
BRDA:173,10,1,3
BRDA:182,11,0,27
BRDA:182,11,1,11
BRF:25
BRH:16
end_of_record
TN:
SF:dist/lib/mappings/cpq.js
FNF:0
FNH:0
DA:2,3
LF:1
LH:1
BRF:0
BRH:0
end_of_record
TN:
SF:dist/lib/parser/grammar.js
FNF:0
FNH:0
DA:2,4
DA:3,4
DA:4,4
DA:5,4
DA:6,4
DA:7,4
DA:8,4
DA:9,4
DA:10,4
DA:11,4
DA:12,4
DA:13,4
DA:14,4
DA:15,4
DA:16,4
DA:17,4
DA:18,4
DA:19,4
DA:20,4
DA:36,4
DA:123,4
LF:21
LH:21
BRF:0
BRH:0
end_of_record
TN:
SF:dist/lib/parser/grammarChecks.js
FN:4,(anonymous_0)
FN:5,(anonymous_1)
FN:6,(anonymous_2)
FN:7,(anonymous_3)
FN:8,(anonymous_4)
FN:9,(anonymous_5)
FN:10,(anonymous_6)
FN:11,(anonymous_7)
FN:12,(anonymous_8)
FN:13,(anonymous_9)
FN:14,(anonymous_10)
FN:15,(anonymous_11)
FN:16,(anonymous_12)
FN:17,(anonymous_13)
FN:18,(anonymous_14)
FN:19,(anonymous_15)
FN:20,(anonymous_16)
FN:23,(anonymous_17)
FN:27,(anonymous_18)
FN:32,(anonymous_19)
FNF:20
FNH:18
FNDA:2,(anonymous_0)
FNDA:2,(anonymous_1)
FNDA:1157,(anonymous_2)
FNDA:56,(anonymous_3)
FNDA:108,(anonymous_4)
FNDA:73,(anonymous_5)
FNDA:23,(anonymous_6)
FNDA:154,(anonymous_7)
FNDA:8,(anonymous_8)
FNDA:72,(anonymous_9)
FNDA:2,(anonymous_10)
FNDA:2,(anonymous_11)
FNDA:2,(anonymous_12)
FNDA:3,(anonymous_13)
FNDA:2,(anonymous_14)
FNDA:2,(anonymous_15)
FNDA:0,(anonymous_16)
FNDA:0,(anonymous_17)
FNDA:1095,(anonymous_18)
FNDA:62,(anonymous_19)
DA:2,4
DA:3,4
DA:4,4
DA:5,4
DA:6,1157
DA:7,56
DA:8,108
DA:9,73
DA:10,23
DA:11,154
DA:12,8
DA:13,72
DA:14,4
DA:15,4
DA:16,4
DA:17,4
DA:18,4
DA:19,4
DA:20,4
DA:21,0
DA:23,4
DA:24,0
DA:25,0
DA:27,4
DA:28,1095
DA:29,0
DA:30,1095
DA:32,4
DA:33,62
DA:34,3
DA:35,59
DA:37,4
LF:32
LH:28
BRDA:6,0,0,1157
BRDA:6,0,1,1155
BRDA:6,0,2,1155
BRDA:21,1,0,0
BRDA:21,1,1,0
BRDA:25,2,0,0
BRDA:25,2,1,0
BRDA:28,3,0,0
BRDA:28,3,1,1095
BRDA:33,4,0,3
BRDA:33,4,1,59
BRF:11
BRH:6
end_of_record
TN:
SF:dist/lib/parser/transformations.js
FN:7,(anonymous_0)
FN:8,(anonymous_1)
FN:9,(anonymous_2)
FN:10,(anonymous_3)
FN:13,(anonymous_4)
FN:28,(anonymous_5)
FN:34,(anonymous_6)
FN:44,(anonymous_7)
FN:52,(anonymous_8)
FN:61,(anonymous_9)
FN:77,(anonymous_10)
FN:78,(anonymous_11)
FN:79,(anonymous_12)
FNF:13
FNH:11
FNDA:1,(anonymous_0)
FNDA:4,(anonymous_1)
FNDA:2,(anonymous_2)
FNDA:6,(anonymous_3)
FNDA:1,(anonymous_4)
FNDA:1,(anonymous_5)
FNDA:1,(anonymous_6)
FNDA:1,(anonymous_7)
FNDA:77,(anonymous_8)
FNDA:75,(anonymous_9)
FNDA:2,(anonymous_10)
FNDA:0,(anonymous_11)
FNDA:0,(anonymous_12)
DA:2,3
DA:3,3
DA:4,3
DA:5,3
DA:6,3
DA:7,3
DA:8,4
DA:9,3
DA:10,3
DA:11,6
DA:13,3
DA:15,1
DA:16,1
DA:28,3
DA:29,1
DA:34,3
DA:35,1
DA:36,1
DA:44,3
DA:46,1
DA:47,1
DA:52,3
DA:53,77
DA:54,5
DA:56,77
DA:61,3
DA:62,75
DA:63,75
DA:64,5
DA:66,70
DA:67,0
DA:69,70
DA:70,10
DA:72,75
DA:77,3
DA:78,3
DA:79,3
DA:81,0
DA:82,0
DA:83,0
DA:85,3
LF:41
LH:37
BRDA:53,0,0,5
BRDA:53,0,1,72
BRDA:57,1,0,18
BRDA:57,1,1,59
BRDA:63,2,0,5
BRDA:63,2,1,70
BRDA:66,3,0,0
BRDA:66,3,1,70
BRDA:69,4,0,10
BRDA:69,4,1,60
BRDA:77,5,0,1
BRDA:77,5,1,1
BRDA:82,6,0,0
BRDA:82,6,1,0
BRDA:82,7,0,0
BRDA:82,7,1,0
BRDA:83,8,0,0
BRDA:83,8,1,0
BRF:18
BRH:11
end_of_record
TN:
SF:dist/src/index.js
FN:7,parse
FN:19,(anonymous_1)
FN:51,determineType
FN:67,clearWord
FN:72,organizeInstancesByType
FN:74,(anonymous_5)
FN:84,(anonymous_6)
FNF:7
FNH:7
FNDA:8,parse
FNDA:1114,(anonymous_1)
FNDA:56,determineType
FNDA:56,clearWord
FNDA:6,organizeInstancesByType
FNDA:84,(anonymous_5)
FNDA:27,(anonymous_6)
DA:2,1
DA:3,1
DA:4,1
DA:5,1
DA:6,1
DA:8,8
DA:9,8
DA:10,2
DA:11,6
DA:12,6
DA:13,6
DA:14,6
DA:15,6
DA:16,6
DA:17,6
DA:18,6
DA:19,6
DA:20,1114
DA:21,1114
DA:22,1
DA:23,1
DA:25,1113
DA:26,1
DA:27,1
DA:29,1112
DA:30,22
DA:31,22
DA:33,1090
DA:34,987
DA:35,882
DA:36,882
DA:37,3
DA:40,105
DA:41,105
DA:42,37
DA:43,105
DA:44,53
DA:48,1090
DA:50,6
DA:52,56
DA:53,56
DA:54,0
DA:55,0
DA:57,56
DA:58,38
DA:59,38
DA:60,38
DA:63,18
DA:65,18
DA:68,56
DA:70,6
DA:73,6
DA:74,6
DA:75,84
DA:76,57
DA:79,27
DA:82,6
DA:84,6
DA:85,27
DA:87,6
DA:89,1
LF:61
LH:59
BRDA:9,0,0,2
BRDA:9,0,1,6
BRDA:9,1,0,8
BRDA:9,1,1,7
BRDA:21,2,0,1
BRDA:21,2,1,1113
BRDA:21,3,0,1114
BRDA:21,3,1,2
BRDA:21,3,2,2
BRDA:25,4,0,1
BRDA:25,4,1,1112
BRDA:25,5,0,1113
BRDA:25,5,1,2
BRDA:25,5,2,2
BRDA:29,6,0,22
BRDA:29,6,1,1090
BRDA:33,7,0,987
BRDA:33,7,1,103
BRDA:33,8,0,1090
BRDA:33,8,1,1001
BRDA:34,9,0,882
BRDA:34,9,1,105
BRDA:36,10,0,3
BRDA:36,10,1,879
BRDA:40,11,0,105
BRDA:40,11,1,0
BRDA:41,12,0,37
BRDA:41,12,1,68
BRDA:43,13,0,53
BRDA:43,13,1,52
BRDA:43,14,0,105
BRDA:43,14,1,53
BRDA:53,15,0,0
BRDA:53,15,1,56
BRDA:57,16,0,38
BRDA:57,16,1,18
BRDA:75,17,0,57
BRDA:75,17,1,27
BRF:38
BRH:36
end_of_record
